building boson-bench in amazonlinux:2023 docker -> /home/seanorourke/boson/target/al2023/boson-bench
Unable to find image 'amazonlinux:2023' locally
2023: Pulling from library/amazonlinux
43a4ccfcda54: Pulling fs layer
43a4ccfcda54: Verifying Checksum
43a4ccfcda54: Download complete
43a4ccfcda54: Pull complete
Digest: sha256:32f61af6a24e178e8142fb7b0079f4af3a5cda6816cd53d2c611a921ef029ca0
Status: Downloaded newer image for amazonlinux:2023
info: downloading installer
warn: It looks like you have an existing rustup settings file at:
warn: /opt/rustup/settings.toml
warn: Rustup will install the default toolchain as specified in the settings file,
warn: instead of the one inferred from the default host triple.
info: profile set to default
info: default host triple is x86_64-unknown-linux-gnu
info: syncing channel updates for stable-x86_64-unknown-linux-gnu
info: latest update on 2026-06-30 for version 1.96.1 (31fca3adb 2026-06-26)
info: downloading 6 components

info: default toolchain set to stable-x86_64-unknown-linux-gnu
  stable-x86_64-unknown-linux-gnu installed - rustc 1.96.1 (31fca3adb 2026-06-26)


Rust is installed now. Great!

To get started you need Cargo's bin directory (/opt/cargo/bin) in your PATH
environment variable. This has not been done automatically.

To configure your current shell, you need to source
the corresponding env file under /opt/cargo.

This is usually done by running one of the following (note the leading DOT):
. "/opt/cargo/env"            # For sh/bash/zsh/ash/dash/pdksh
source "/opt/cargo/env.fish"  # For fish
source "/opt/cargo/env.nu"  # For nushell
source "/opt/cargo/env.tcsh"  # For tcsh
. "/opt/cargo/env.ps1"        # For pwsh
source "/opt/cargo/env.xsh"   # For xonsh
CARGO_BUILD_JOBS=16
   Compiling stable_deref_trait v1.2.1
   Compiling futures-sink v0.3.32
   Compiling futures-macro v0.3.32
   Compiling zerofrom v0.1.8
   Compiling either v1.16.0
   Compiling byteorder v1.5.0
   Compiling strsim v0.11.1
   Compiling ident_case v1.0.1
   Compiling fnv v1.0.7
   Compiling getrandom v0.3.4
   Compiling boson-core v0.1.5 (/work/boson-core)
   Compiling snap v1.1.1
   Compiling rustversion v1.0.22
   Compiling twox-hash v2.1.2
   Compiling hashbrown v0.14.5
   Compiling boson-telemetry v0.1.5 (/work/boson-telemetry)
   Compiling futures-channel v0.3.32
   Compiling flume v0.11.1
   Compiling socket2 v0.5.10
   Compiling paste v1.0.15
   Compiling yoke v0.8.3
   Compiling lz4_flex v0.11.6
   Compiling darling_core v0.20.11
   Compiling itertools v0.14.0
   Compiling hyper v1.10.1
   Compiling rayon v1.12.0
   Compiling zerovec v0.11.6
   Compiling zerotrie v0.2.4
   Compiling rand_core v0.9.5
   Compiling boson-runtime v0.1.5 (/work/boson-runtime)
   Compiling rand_chacha v0.9.0
   Compiling futures-util v0.3.32
   Compiling rand_pcg v0.9.0
   Compiling boson-backend-mem v0.1.5 (/work/boson-backend-mem)
   Compiling arc-swap v1.9.2
   Compiling dashmap v6.2.1
   Compiling rand v0.9.4
   Compiling tinystr v0.8.3
   Compiling potential_utf v0.1.5
   Compiling icu_collections v2.2.0
   Compiling icu_locale_core v2.2.0
   Compiling hyper-util v0.1.20
   Compiling icu_provider v2.2.0
   Compiling darling_macro v0.20.11
   Compiling darling v0.20.11
   Compiling scylla-macros v1.7.0
   Compiling icu_properties v2.2.0
   Compiling icu_normalizer v2.2.0
   Compiling sysinfo v0.33.1
   Compiling idna_adapter v1.2.2
   Compiling idna v1.1.0
   Compiling scylla-cql-core v1.7.0
   Compiling futures-executor v0.3.32
   Compiling tower v0.5.3
   Compiling futures v0.3.32
   Compiling url v2.5.8
   Compiling axum v0.8.9
   Compiling sqlx-core v0.8.6
   Compiling sqlx-sqlite v0.8.6
   Compiling sqlx-postgres v0.8.6
   Compiling scylla-cql v1.7.0
   Compiling boson-axum v0.1.5 (/work/boson-axum)
   Compiling scylla v1.7.0
   Compiling sqlx v0.8.6
   Compiling boson-backend-sql-common v0.1.5 (/work/boson-backend-sql-common)
   Compiling boson-backend-sqlite v0.1.5 (/work/boson-backend-sqlite)
   Compiling boson-backend-postgres v0.1.5 (/work/boson-backend-postgres)
   Compiling boson-backend-scylla v0.1.5 (/work/boson-backend-scylla)
   Compiling boson-testkit v0.1.5 (/work/boson-testkit)
   Compiling boson-bench v0.1.5 (/work/boson-bench)
    Finished `release` profile [optimized] target(s) in 38.76s
Built /home/seanorourke/boson/target/al2023/boson-bench (2d20dd9c1f1c2f7e2e9c4e80167b8829ffbaa3e8-8ccd066a)
