Warning: Permanently added '35.94.217.1' (ED25519) to the list of known hosts.
** WARNING: connection is not using a post-quantum key exchange algorithm.
** This session may be vulnerable to "store now, decrypt later" attacks.
** The server may need to be upgraded. See https://openssh.com/pq.html
Warning: Permanently added '35.94.217.1' (ED25519) to the list of known hosts.
** WARNING: connection is not using a post-quantum key exchange algorithm.
** This session may be vulnerable to "store now, decrypt later" attacks.
** The server may need to be upgraded. See https://openssh.com/pq.html
    Checking boson-bench v0.1.0 (/tmp/boson-remote-ci/boson-bench)
    Checking boson-backend-nats v0.1.0 (/tmp/boson-remote-ci/boson-backend-nats)
error: item in documentation is missing backticks
 --> boson-backend-nats/tests/nats_workqueue_dual.rs:1:5
  |
1 | //! WorkQueue contract tests — dual enqueue mode (KV + stream pointer).
  |     ^^^^^^^^^
  |
  = help: for further information visit https://rust-lang.github.io/rust-clippy/rust-1.97.0/index.html#doc_markdown
  = note: `-D clippy::doc-markdown` implied by `-D warnings`
  = help: to override `-D warnings` add `#[allow(clippy::doc_markdown)]`
help: try
  |
1 - //! WorkQueue contract tests — dual enqueue mode (KV + stream pointer).
1 + //! `WorkQueue` contract tests — dual enqueue mode (KV + stream pointer).
  |

error: could not compile `boson-backend-nats` (test "nats_workqueue_dual") due to 1 previous error
warning: build failed, waiting for other jobs to finish...
CLIPPY_EXIT=101
