>>> cross-build boson-bench (one-shot docker)
building boson-bench in amazonlinux:2023 docker -> /home/seanorourke/boson/target/al2023/boson-bench
info: downloading installer
warn: It looks like you have an existing rustup settings file at:
warn: /opt/rustup/settings.toml
warn: Rustup will install the default toolchain as specified in the settings file,
warn: instead of the one inferred from the default host triple.
info: profile set to default
info: default host triple is x86_64-unknown-linux-gnu
info: syncing channel updates for stable-x86_64-unknown-linux-gnu
info: latest update on 2026-06-30 for version 1.96.1 (31fca3adb 2026-06-26)
info: downloading 6 components
info: default toolchain set to stable-x86_64-unknown-linux-gnu

  stable-x86_64-unknown-linux-gnu installed - rustc 1.96.1 (31fca3adb 2026-06-26)


Rust is installed now. Great!

To get started you need Cargo's bin directory (/opt/cargo/bin) in your PATH
environment variable. This has not been done automatically.

To configure your current shell, you need to source
the corresponding env file under /opt/cargo.

This is usually done by running one of the following (note the leading DOT):
. "/opt/cargo/env"            # For sh/bash/zsh/ash/dash/pdksh
source "/opt/cargo/env.fish"  # For fish
source "/opt/cargo/env.nu"  # For nushell
source "/opt/cargo/env.tcsh"  # For tcsh
. "/opt/cargo/env.ps1"        # For pwsh
source "/opt/cargo/env.xsh"   # For xonsh
CARGO_BUILD_JOBS=16
   Compiling boson-bench v0.1.5 (/work/boson-bench)
    Finished `release` profile [optimized] target(s) in 18.23s
Built /home/seanorourke/boson/target/al2023/boson-bench (e090452257f6f8075acbecdb986c19ad62e07e78-7a2b03be)
>>> deploy binary to bench 44.248.43.223
Warning: Permanently added '44.248.43.223' (ED25519) to the list of known hosts.
mkdir: cannot create directory ‘/home/ec2-user/boson-bench’: No space left on device
