========== Boson NATS broker fleet sweep ==========
bench=c6i.large broker=t3.medium
========== Fleet size N=1 ==========
{
    "Return": true,
    "SecurityGroupRules": [
        {
            "SecurityGroupRuleId": "sgr-02951f79b2ee893b5",
            "GroupId": "sg-0d38e625df998a7af",
            "GroupOwnerId": "331520980087",
            "IsEgress": false,
            "IpProtocol": "tcp",
            "FromPort": 6222,
            "ToPort": 6222,
            "ReferencedGroupInfo": {
                "GroupId": "sg-0d38e625df998a7af",
                "UserId": "331520980087"
            },
            "SecurityGroupRuleArn": "arn:aws:ec2:us-west-2:331520980087:security-group-rule/sgr-02951f79b2ee893b5"
        }
    ]
}
launched bench=i-00e86983cd2716489 (c6i.large)
launched nats-0=i-0cb4875483824c531 (t3.medium)
manifest=/home/seanorourke/boson/infra/native-aws/manifests/boson-nats-fleet-1.json fleet_size=1 hardware=aws-c6i-large
>>> docker on bench (54.149.151.13)
Warning: Permanently added '54.149.151.13' (ED25519) to the list of known hosts.
Waiting for process with pid 1767 to finish.
Amazon Linux 2023 Kernel Livepatch repository   504 kB/s |  55 kB     00:00    
Dependencies resolved.
================================================================================
 Package                  Arch     Version                  Repository     Size
================================================================================
Installing:
 docker                   x86_64   25.0.16-1.amzn2023.0.2   amazonlinux    46 M
Installing dependencies:
 container-selinux        noarch   4:2.245.0-1.amzn2023     amazonlinux    58 k
 containerd               x86_64   2.2.4-1.amzn2023.0.3     amazonlinux    24 M
 iptables-libs            x86_64   1.8.8-3.amzn2023.0.2     amazonlinux   401 k
 iptables-nft             x86_64   1.8.8-3.amzn2023.0.2     amazonlinux   183 k
 libcgroup                x86_64   3.0-1.amzn2023.0.1       amazonlinux    75 k
 libnetfilter_conntrack   x86_64   1.0.8-2.amzn2023.0.2     amazonlinux    58 k
 libnfnetlink             x86_64   1.0.1-19.amzn2023.0.2    amazonlinux    30 k
 libnftnl                 x86_64   1.2.2-2.amzn2023.0.2     amazonlinux    84 k
 pigz                     x86_64   2.5-1.amzn2023.0.4       amazonlinux    83 k
 runc                     x86_64   1.3.5-1.amzn2023.0.2     amazonlinux   3.9 M

Transaction Summary
================================================================================
Install  11 Packages

Total download size: 76 M
Installed size: 284 M
Downloading Packages:
(1/11): container-selinux-2.245.0-1.amzn2023.no 1.4 MB/s |  58 kB     00:00    
(2/11): iptables-libs-1.8.8-3.amzn2023.0.2.x86_  11 MB/s | 401 kB     00:00    
(3/11): iptables-nft-1.8.8-3.amzn2023.0.2.x86_6 6.5 MB/s | 183 kB     00:00    
(4/11): libcgroup-3.0-1.amzn2023.0.1.x86_64.rpm 2.6 MB/s |  75 kB     00:00    
(5/11): libnetfilter_conntrack-1.0.8-2.amzn2023 1.9 MB/s |  58 kB     00:00    
(6/11): libnfnetlink-1.0.1-19.amzn2023.0.2.x86_ 1.0 MB/s |  30 kB     00:00    
(7/11): libnftnl-1.2.2-2.amzn2023.0.2.x86_64.rp 2.6 MB/s |  84 kB     00:00    
(8/11): pigz-2.5-1.amzn2023.0.4.x86_64.rpm      4.1 MB/s |  83 kB     00:00    
(9/11): containerd-2.2.4-1.amzn2023.0.3.x86_64.  76 MB/s |  24 MB     00:00    
(10/11): runc-1.3.5-1.amzn2023.0.2.x86_64.rpm    35 MB/s | 3.9 MB     00:00    
(11/11): docker-25.0.16-1.amzn2023.0.2.x86_64.r  75 MB/s |  46 MB     00:00    
--------------------------------------------------------------------------------
Total                                           116 MB/s |  76 MB     00:00     
Running transaction check
Transaction check succeeded.
Running transaction test
Transaction test succeeded.
Running transaction
  Preparing        :                                                        1/1 
  Installing       : runc-1.3.5-1.amzn2023.0.2.x86_64                      1/11 
  Installing       : containerd-2.2.4-1.amzn2023.0.3.x86_64                2/11 
  Running scriptlet: containerd-2.2.4-1.amzn2023.0.3.x86_64                2/11 
  Installing       : pigz-2.5-1.amzn2023.0.4.x86_64                        3/11 
  Installing       : libnftnl-1.2.2-2.amzn2023.0.2.x86_64                  4/11 
  Installing       : libnfnetlink-1.0.1-19.amzn2023.0.2.x86_64             5/11 
  Installing       : libnetfilter_conntrack-1.0.8-2.amzn2023.0.2.x86_64    6/11 
  Installing       : iptables-libs-1.8.8-3.amzn2023.0.2.x86_64             7/11 
  Installing       : iptables-nft-1.8.8-3.amzn2023.0.2.x86_64              8/11 
  Running scriptlet: iptables-nft-1.8.8-3.amzn2023.0.2.x86_64              8/11 
  Installing       : libcgroup-3.0-1.amzn2023.0.1.x86_64                   9/11 
  Running scriptlet: container-selinux-4:2.245.0-1.amzn2023.noarch        10/11 
  Installing       : container-selinux-4:2.245.0-1.amzn2023.noarch        10/11 
  Running scriptlet: container-selinux-4:2.245.0-1.amzn2023.noarch        10/11 
  Running scriptlet: docker-25.0.16-1.amzn2023.0.2.x86_64                 11/11 
  Installing       : docker-25.0.16-1.amzn2023.0.2.x86_64                 11/11 
  Running scriptlet: docker-25.0.16-1.amzn2023.0.2.x86_64                 11/11 
Created symlink /etc/systemd/system/sockets.target.wants/docker.socket → /usr/lib/systemd/system/docker.socket.

  Running scriptlet: container-selinux-4:2.245.0-1.amzn2023.noarch        11/11 
  Running scriptlet: docker-25.0.16-1.amzn2023.0.2.x86_64                 11/11 
  Verifying        : container-selinux-4:2.245.0-1.amzn2023.noarch         1/11 
  Verifying        : containerd-2.2.4-1.amzn2023.0.3.x86_64                2/11 
  Verifying        : docker-25.0.16-1.amzn2023.0.2.x86_64                  3/11 
  Verifying        : iptables-libs-1.8.8-3.amzn2023.0.2.x86_64             4/11 
  Verifying        : iptables-nft-1.8.8-3.amzn2023.0.2.x86_64              5/11 
  Verifying        : libcgroup-3.0-1.amzn2023.0.1.x86_64                   6/11 
  Verifying        : libnetfilter_conntrack-1.0.8-2.amzn2023.0.2.x86_64    7/11 
  Verifying        : libnfnetlink-1.0.1-19.amzn2023.0.2.x86_64             8/11 
  Verifying        : libnftnl-1.2.2-2.amzn2023.0.2.x86_64                  9/11 
  Verifying        : pigz-2.5-1.amzn2023.0.4.x86_64                       10/11 
  Verifying        : runc-1.3.5-1.amzn2023.0.2.x86_64                     11/11 

Installed:
  container-selinux-4:2.245.0-1.amzn2023.noarch                                 
  containerd-2.2.4-1.amzn2023.0.3.x86_64                                        
  docker-25.0.16-1.amzn2023.0.2.x86_64                                          
  iptables-libs-1.8.8-3.amzn2023.0.2.x86_64                                     
  iptables-nft-1.8.8-3.amzn2023.0.2.x86_64                                      
  libcgroup-3.0-1.amzn2023.0.1.x86_64                                           
  libnetfilter_conntrack-1.0.8-2.amzn2023.0.2.x86_64                            
  libnfnetlink-1.0.1-19.amzn2023.0.2.x86_64                                     
  libnftnl-1.2.2-2.amzn2023.0.2.x86_64                                          
  pigz-2.5-1.amzn2023.0.4.x86_64                                                
  runc-1.3.5-1.amzn2023.0.2.x86_64                                              

Complete!
Created symlink /etc/systemd/system/multi-user.target.wants/docker.service → /usr/lib/systemd/system/docker.service.
>>> docker + NATS on nats-0 (44.246.191.232 172.31.33.178)
Warning: Permanently added '44.246.191.232' (ED25519) to the list of known hosts.
Amazon Linux 2023 Kernel Livepatch repository   440 kB/s |  55 kB     00:00    
Dependencies resolved.
================================================================================
 Package                  Arch     Version                  Repository     Size
================================================================================
Installing:
 docker                   x86_64   25.0.16-1.amzn2023.0.2   amazonlinux    46 M
Installing dependencies:
 container-selinux        noarch   4:2.245.0-1.amzn2023     amazonlinux    58 k
 containerd               x86_64   2.2.4-1.amzn2023.0.3     amazonlinux    24 M
 iptables-libs            x86_64   1.8.8-3.amzn2023.0.2     amazonlinux   401 k
 iptables-nft             x86_64   1.8.8-3.amzn2023.0.2     amazonlinux   183 k
 libcgroup                x86_64   3.0-1.amzn2023.0.1       amazonlinux    75 k
 libnetfilter_conntrack   x86_64   1.0.8-2.amzn2023.0.2     amazonlinux    58 k
 libnfnetlink             x86_64   1.0.1-19.amzn2023.0.2    amazonlinux    30 k
 libnftnl                 x86_64   1.2.2-2.amzn2023.0.2     amazonlinux    84 k
 pigz                     x86_64   2.5-1.amzn2023.0.4       amazonlinux    83 k
 runc                     x86_64   1.3.5-1.amzn2023.0.2     amazonlinux   3.9 M

Transaction Summary
================================================================================
Install  11 Packages

Total download size: 76 M
Installed size: 284 M
Downloading Packages:
(1/11): container-selinux-2.245.0-1.amzn2023.no 1.4 MB/s |  58 kB     00:00    
(2/11): iptables-libs-1.8.8-3.amzn2023.0.2.x86_  10 MB/s | 401 kB     00:00    
(3/11): iptables-nft-1.8.8-3.amzn2023.0.2.x86_6 5.1 MB/s | 183 kB     00:00    
(4/11): libcgroup-3.0-1.amzn2023.0.1.x86_64.rpm 3.1 MB/s |  75 kB     00:00    
(5/11): libnetfilter_conntrack-1.0.8-2.amzn2023 2.1 MB/s |  58 kB     00:00    
(6/11): libnfnetlink-1.0.1-19.amzn2023.0.2.x86_ 1.2 MB/s |  30 kB     00:00    
(7/11): libnftnl-1.2.2-2.amzn2023.0.2.x86_64.rp 2.4 MB/s |  84 kB     00:00    
(8/11): pigz-2.5-1.amzn2023.0.4.x86_64.rpm      2.8 MB/s |  83 kB     00:00    
(9/11): containerd-2.2.4-1.amzn2023.0.3.x86_64.  66 MB/s |  24 MB     00:00    
(10/11): runc-1.3.5-1.amzn2023.0.2.x86_64.rpm    27 MB/s | 3.9 MB     00:00    
(11/11): docker-25.0.16-1.amzn2023.0.2.x86_64.r  67 MB/s |  46 MB     00:00    
--------------------------------------------------------------------------------
Total                                           103 MB/s |  76 MB     00:00     
Running transaction check
Transaction check succeeded.
Running transaction test
Transaction test succeeded.
Running transaction
  Preparing        :                                                        1/1 
  Installing       : runc-1.3.5-1.amzn2023.0.2.x86_64                      1/11 
  Installing       : containerd-2.2.4-1.amzn2023.0.3.x86_64                2/11 
  Running scriptlet: containerd-2.2.4-1.amzn2023.0.3.x86_64                2/11 
  Installing       : pigz-2.5-1.amzn2023.0.4.x86_64                        3/11 
  Installing       : libnftnl-1.2.2-2.amzn2023.0.2.x86_64                  4/11 
  Installing       : libnfnetlink-1.0.1-19.amzn2023.0.2.x86_64             5/11 
  Installing       : libnetfilter_conntrack-1.0.8-2.amzn2023.0.2.x86_64    6/11 
  Installing       : iptables-libs-1.8.8-3.amzn2023.0.2.x86_64             7/11 
  Installing       : iptables-nft-1.8.8-3.amzn2023.0.2.x86_64              8/11 
  Running scriptlet: iptables-nft-1.8.8-3.amzn2023.0.2.x86_64              8/11 
  Installing       : libcgroup-3.0-1.amzn2023.0.1.x86_64                   9/11 
  Running scriptlet: container-selinux-4:2.245.0-1.amzn2023.noarch        10/11 
  Installing       : container-selinux-4:2.245.0-1.amzn2023.noarch        10/11 
  Running scriptlet: container-selinux-4:2.245.0-1.amzn2023.noarch        10/11 
  Running scriptlet: docker-25.0.16-1.amzn2023.0.2.x86_64                 11/11 
  Installing       : docker-25.0.16-1.amzn2023.0.2.x86_64                 11/11 
  Running scriptlet: docker-25.0.16-1.amzn2023.0.2.x86_64                 11/11 
Created symlink /etc/systemd/system/sockets.target.wants/docker.socket → /usr/lib/systemd/system/docker.socket.

  Running scriptlet: container-selinux-4:2.245.0-1.amzn2023.noarch        11/11 
  Running scriptlet: docker-25.0.16-1.amzn2023.0.2.x86_64                 11/11 
  Verifying        : container-selinux-4:2.245.0-1.amzn2023.noarch         1/11 
  Verifying        : containerd-2.2.4-1.amzn2023.0.3.x86_64                2/11 
  Verifying        : docker-25.0.16-1.amzn2023.0.2.x86_64                  3/11 
  Verifying        : iptables-libs-1.8.8-3.amzn2023.0.2.x86_64             4/11 
  Verifying        : iptables-nft-1.8.8-3.amzn2023.0.2.x86_64              5/11 
  Verifying        : libcgroup-3.0-1.amzn2023.0.1.x86_64                   6/11 
  Verifying        : libnetfilter_conntrack-1.0.8-2.amzn2023.0.2.x86_64    7/11 
  Verifying        : libnfnetlink-1.0.1-19.amzn2023.0.2.x86_64             8/11 
  Verifying        : libnftnl-1.2.2-2.amzn2023.0.2.x86_64                  9/11 
  Verifying        : pigz-2.5-1.amzn2023.0.4.x86_64                       10/11 
  Verifying        : runc-1.3.5-1.amzn2023.0.2.x86_64                     11/11 

Installed:
  container-selinux-4:2.245.0-1.amzn2023.noarch                                 
  containerd-2.2.4-1.amzn2023.0.3.x86_64                                        
  docker-25.0.16-1.amzn2023.0.2.x86_64                                          
  iptables-libs-1.8.8-3.amzn2023.0.2.x86_64                                     
  iptables-nft-1.8.8-3.amzn2023.0.2.x86_64                                      
  libcgroup-3.0-1.amzn2023.0.1.x86_64                                           
  libnetfilter_conntrack-1.0.8-2.amzn2023.0.2.x86_64                            
  libnfnetlink-1.0.1-19.amzn2023.0.2.x86_64                                     
  libnftnl-1.2.2-2.amzn2023.0.2.x86_64                                          
  pigz-2.5-1.amzn2023.0.4.x86_64                                                
  runc-1.3.5-1.amzn2023.0.2.x86_64                                              

Complete!
Created symlink /etc/systemd/system/multi-user.target.wants/docker.service → /usr/lib/systemd/system/docker.service.
Warning: Permanently added '44.246.191.232' (ED25519) to the list of known hosts.
Warning: Permanently added '44.246.191.232' (ED25519) to the list of known hosts.
Warning: Permanently added '44.246.191.232' (ED25519) to the list of known hosts.
2.10-alpine: Pulling from library/nats
d49a2dee86fb: Pulling fs layer
08267b6ab21b: Pulling fs layer
252dbe15f747: Pulling fs layer
a9d9eb83cd84: Pulling fs layer
a9d9eb83cd84: Waiting
252dbe15f747: Verifying Checksum
252dbe15f747: Download complete
d49a2dee86fb: Verifying Checksum
d49a2dee86fb: Download complete
08267b6ab21b: Verifying Checksum
08267b6ab21b: Download complete
a9d9eb83cd84: Verifying Checksum
a9d9eb83cd84: Download complete
d49a2dee86fb: Pull complete
08267b6ab21b: Pull complete
252dbe15f747: Pull complete
a9d9eb83cd84: Pull complete
Digest: sha256:b83efabe3e7def1e0a4a31ec6e078999bb17c80363f881df35edc70fcb6bb927
Status: Downloaded newer image for nats:2.10-alpine
docker.io/library/nats:2.10-alpine
63cc0003e96808afe41c4b511d9d98ac8f729e299da5ed6c3dfe494cb4860e84
NATS JetStream listening on 172.31.33.178:4222
Warning: Permanently added '44.246.191.232' (ED25519) to the list of known hosts.
NATS ready on nats-0
fleet bootstrap complete
>>> cross-build boson-bench (one-shot docker)
building boson-bench in amazonlinux:2023 docker -> /home/seanorourke/boson/target/al2023/boson-bench
info: downloading installer
warn: It looks like you have an existing rustup settings file at:
warn: /opt/rustup/settings.toml
warn: Rustup will install the default toolchain as specified in the settings file,
warn: instead of the one inferred from the default host triple.
info: profile set to default
info: default host triple is x86_64-unknown-linux-gnu
info: syncing channel updates for stable-x86_64-unknown-linux-gnu
info: latest update on 2026-06-30 for version 1.96.1 (31fca3adb 2026-06-26)
info: downloading 6 components
info: default toolchain set to stable-x86_64-unknown-linux-gnu

  stable-x86_64-unknown-linux-gnu installed - rustc 1.96.1 (31fca3adb 2026-06-26)


Rust is installed now. Great!

To get started you need Cargo's bin directory (/opt/cargo/bin) in your PATH
environment variable. This has not been done automatically.

To configure your current shell, you need to source
the corresponding env file under /opt/cargo.

This is usually done by running one of the following (note the leading DOT):
. "/opt/cargo/env"            # For sh/bash/zsh/ash/dash/pdksh
source "/opt/cargo/env.fish"  # For fish
source "/opt/cargo/env.nu"  # For nushell
source "/opt/cargo/env.tcsh"  # For tcsh
. "/opt/cargo/env.ps1"        # For pwsh
source "/opt/cargo/env.xsh"   # For xonsh
CARGO_BUILD_JOBS=16
    Finished `release` profile [optimized] target(s) in 0.21s
Built /home/seanorourke/boson/target/al2023/boson-bench (98858de4716c8b48d9b548bb9945d679d6e0fbe3-3355063c)
>>> deploy binary to bench 54.149.151.13
Warning: Permanently added '54.149.151.13' (ED25519) to the list of known hosts.
Warning: Permanently added '54.149.151.13' (ED25519) to the list of known hosts.
Warning: Permanently added '54.149.151.13' (ED25519) to the list of known hosts.
Warning: Permanently added '54.149.151.13' (ED25519) to the list of known hosts.
deploy gate ok: bm-be1 bm-bd1 registered
deployed 98858de4716c8b48d9b548bb9945d679d6e0fbe3-3355063c to 54.149.151.13
infra/native-aws/broker-fleet/run-fleet-sweep-aws.sh: line 47: manifest_read: command not found
Traceback (most recent call last):
  File "<string>", line 3, in <module>
  File "/usr/lib/python3.11/json/__init__.py", line 293, in load
    return loads(fp.read(),
           ^^^^^^^^^^^^^^^^
  File "/usr/lib/python3.11/json/__init__.py", line 346, in loads
    return _default_decoder.decode(s)
           ^^^^^^^^^^^^^^^^^^^^^^^^^^
  File "/usr/lib/python3.11/json/decoder.py", line 337, in decode
    obj, end = self.raw_decode(s, idx=_w(s, 0).end())
               ^^^^^^^^^^^^^^^^^^^^^^^^^^^^^^^^^^^^^^
  File "/usr/lib/python3.11/json/decoder.py", line 355, in raw_decode
    raise JSONDecodeError("Expecting value", s, err.value) from None
json.decoder.JSONDecodeError: Expecting value: line 2 column 1 (char 1)
