========== Boson BD2 shard sweep (D1) W=64 ==========
launched bench=i-04a08545dc2a51ad0 (c6i.large)
launched nats-0=i-0ea315e25584d499b (t3.medium)
manifest=/home/seanorourke/boson/infra/native-aws/manifests/boson-nats-fleet-1.json fleet_size=1 hardware=aws-c6i-large
>>> docker on bench (44.251.178.97)
Warning: Permanently added '44.251.178.97' (ED25519) to the list of known hosts.
Waiting for process with pid 1762 to finish.
Amazon Linux 2023 Kernel Livepatch repository   508 kB/s |  55 kB     00:00    
Dependencies resolved.
================================================================================
 Package                  Arch     Version                  Repository     Size
================================================================================
Installing:
 docker                   x86_64   25.0.16-1.amzn2023.0.2   amazonlinux    46 M
Installing dependencies:
 container-selinux        noarch   4:2.245.0-1.amzn2023     amazonlinux    58 k
 containerd               x86_64   2.2.4-1.amzn2023.0.3     amazonlinux    24 M
 iptables-libs            x86_64   1.8.8-3.amzn2023.0.2     amazonlinux   401 k
 iptables-nft             x86_64   1.8.8-3.amzn2023.0.2     amazonlinux   183 k
 libcgroup                x86_64   3.0-1.amzn2023.0.1       amazonlinux    75 k
 libnetfilter_conntrack   x86_64   1.0.8-2.amzn2023.0.2     amazonlinux    58 k
 libnfnetlink             x86_64   1.0.1-19.amzn2023.0.2    amazonlinux    30 k
 libnftnl                 x86_64   1.2.2-2.amzn2023.0.2     amazonlinux    84 k
 pigz                     x86_64   2.5-1.amzn2023.0.4       amazonlinux    83 k
 runc                     x86_64   1.3.5-1.amzn2023.0.2     amazonlinux   3.9 M

Transaction Summary
================================================================================
Install  11 Packages

Total download size: 76 M
Installed size: 284 M
Downloading Packages:
(1/11): container-selinux-2.245.0-1.amzn2023.no 1.2 MB/s |  58 kB     00:00    
(2/11): iptables-libs-1.8.8-3.amzn2023.0.2.x86_  10 MB/s | 401 kB     00:00    
(3/11): iptables-nft-1.8.8-3.amzn2023.0.2.x86_6 8.4 MB/s | 183 kB     00:00    
(4/11): libcgroup-3.0-1.amzn2023.0.1.x86_64.rpm 2.4 MB/s |  75 kB     00:00    
(5/11): libnetfilter_conntrack-1.0.8-2.amzn2023 2.1 MB/s |  58 kB     00:00    
(6/11): libnfnetlink-1.0.1-19.amzn2023.0.2.x86_ 949 kB/s |  30 kB     00:00    
(7/11): libnftnl-1.2.2-2.amzn2023.0.2.x86_64.rp 2.3 MB/s |  84 kB     00:00    
(8/11): pigz-2.5-1.amzn2023.0.4.x86_64.rpm      3.6 MB/s |  83 kB     00:00    
(9/11): containerd-2.2.4-1.amzn2023.0.3.x86_64.  76 MB/s |  24 MB     00:00    
(10/11): runc-1.3.5-1.amzn2023.0.2.x86_64.rpm    41 MB/s | 3.9 MB     00:00    
(11/11): docker-25.0.16-1.amzn2023.0.2.x86_64.r  71 MB/s |  46 MB     00:00    
--------------------------------------------------------------------------------
Total                                           110 MB/s |  76 MB     00:00     
Running transaction check
Transaction check succeeded.
Running transaction test
Transaction test succeeded.
Running transaction
  Preparing        :                                                        1/1 
  Installing       : runc-1.3.5-1.amzn2023.0.2.x86_64                      1/11 
  Installing       : containerd-2.2.4-1.amzn2023.0.3.x86_64                2/11 
  Running scriptlet: containerd-2.2.4-1.amzn2023.0.3.x86_64                2/11 
  Installing       : pigz-2.5-1.amzn2023.0.4.x86_64                        3/11 
  Installing       : libnftnl-1.2.2-2.amzn2023.0.2.x86_64                  4/11 
  Installing       : libnfnetlink-1.0.1-19.amzn2023.0.2.x86_64             5/11 
  Installing       : libnetfilter_conntrack-1.0.8-2.amzn2023.0.2.x86_64    6/11 
  Installing       : iptables-libs-1.8.8-3.amzn2023.0.2.x86_64             7/11 
  Installing       : iptables-nft-1.8.8-3.amzn2023.0.2.x86_64              8/11 
  Running scriptlet: iptables-nft-1.8.8-3.amzn2023.0.2.x86_64              8/11 
  Installing       : libcgroup-3.0-1.amzn2023.0.1.x86_64                   9/11 
  Running scriptlet: container-selinux-4:2.245.0-1.amzn2023.noarch        10/11 
  Installing       : container-selinux-4:2.245.0-1.amzn2023.noarch        10/11 
  Running scriptlet: container-selinux-4:2.245.0-1.amzn2023.noarch        10/11 
  Running scriptlet: docker-25.0.16-1.amzn2023.0.2.x86_64                 11/11 
  Installing       : docker-25.0.16-1.amzn2023.0.2.x86_64                 11/11 
  Running scriptlet: docker-25.0.16-1.amzn2023.0.2.x86_64                 11/11 
Created symlink /etc/systemd/system/sockets.target.wants/docker.socket → /usr/lib/systemd/system/docker.socket.

  Running scriptlet: container-selinux-4:2.245.0-1.amzn2023.noarch        11/11 
  Running scriptlet: docker-25.0.16-1.amzn2023.0.2.x86_64                 11/11 
  Verifying        : container-selinux-4:2.245.0-1.amzn2023.noarch         1/11 
  Verifying        : containerd-2.2.4-1.amzn2023.0.3.x86_64                2/11 
  Verifying        : docker-25.0.16-1.amzn2023.0.2.x86_64                  3/11 
  Verifying        : iptables-libs-1.8.8-3.amzn2023.0.2.x86_64             4/11 
  Verifying        : iptables-nft-1.8.8-3.amzn2023.0.2.x86_64              5/11 
  Verifying        : libcgroup-3.0-1.amzn2023.0.1.x86_64                   6/11 
  Verifying        : libnetfilter_conntrack-1.0.8-2.amzn2023.0.2.x86_64    7/11 
  Verifying        : libnfnetlink-1.0.1-19.amzn2023.0.2.x86_64             8/11 
  Verifying        : libnftnl-1.2.2-2.amzn2023.0.2.x86_64                  9/11 
  Verifying        : pigz-2.5-1.amzn2023.0.4.x86_64                       10/11 
  Verifying        : runc-1.3.5-1.amzn2023.0.2.x86_64                     11/11 

Installed:
  container-selinux-4:2.245.0-1.amzn2023.noarch                                 
  containerd-2.2.4-1.amzn2023.0.3.x86_64                                        
  docker-25.0.16-1.amzn2023.0.2.x86_64                                          
  iptables-libs-1.8.8-3.amzn2023.0.2.x86_64                                     
  iptables-nft-1.8.8-3.amzn2023.0.2.x86_64                                      
  libcgroup-3.0-1.amzn2023.0.1.x86_64                                           
  libnetfilter_conntrack-1.0.8-2.amzn2023.0.2.x86_64                            
  libnfnetlink-1.0.1-19.amzn2023.0.2.x86_64                                     
  libnftnl-1.2.2-2.amzn2023.0.2.x86_64                                          
  pigz-2.5-1.amzn2023.0.4.x86_64                                                
  runc-1.3.5-1.amzn2023.0.2.x86_64                                              

Complete!
Created symlink /etc/systemd/system/multi-user.target.wants/docker.service → /usr/lib/systemd/system/docker.service.
>>> docker + NATS on nats-0 (54.188.230.190 172.31.34.13)
Warning: Permanently added '54.188.230.190' (ED25519) to the list of known hosts.
Amazon Linux 2023 Kernel Livepatch repository   355 kB/s |  55 kB     00:00    
Dependencies resolved.
================================================================================
 Package                  Arch     Version                  Repository     Size
================================================================================
Installing:
 docker                   x86_64   25.0.16-1.amzn2023.0.2   amazonlinux    46 M
Installing dependencies:
 container-selinux        noarch   4:2.245.0-1.amzn2023     amazonlinux    58 k
 containerd               x86_64   2.2.4-1.amzn2023.0.3     amazonlinux    24 M
 iptables-libs            x86_64   1.8.8-3.amzn2023.0.2     amazonlinux   401 k
 iptables-nft             x86_64   1.8.8-3.amzn2023.0.2     amazonlinux   183 k
 libcgroup                x86_64   3.0-1.amzn2023.0.1       amazonlinux    75 k
 libnetfilter_conntrack   x86_64   1.0.8-2.amzn2023.0.2     amazonlinux    58 k
 libnfnetlink             x86_64   1.0.1-19.amzn2023.0.2    amazonlinux    30 k
 libnftnl                 x86_64   1.2.2-2.amzn2023.0.2     amazonlinux    84 k
 pigz                     x86_64   2.5-1.amzn2023.0.4       amazonlinux    83 k
 runc                     x86_64   1.3.5-1.amzn2023.0.2     amazonlinux   3.9 M

Transaction Summary
================================================================================
Install  11 Packages

Total download size: 76 M
Installed size: 284 M
Downloading Packages:
(1/11): container-selinux-2.245.0-1.amzn2023.no 1.4 MB/s |  58 kB     00:00    
(2/11): iptables-libs-1.8.8-3.amzn2023.0.2.x86_  11 MB/s | 401 kB     00:00    
(3/11): iptables-nft-1.8.8-3.amzn2023.0.2.x86_6 7.8 MB/s | 183 kB     00:00    
(4/11): libcgroup-3.0-1.amzn2023.0.1.x86_64.rpm 2.4 MB/s |  75 kB     00:00    
(5/11): libnetfilter_conntrack-1.0.8-2.amzn2023 2.1 MB/s |  58 kB     00:00    
(6/11): libnfnetlink-1.0.1-19.amzn2023.0.2.x86_ 1.0 MB/s |  30 kB     00:00    
(7/11): libnftnl-1.2.2-2.amzn2023.0.2.x86_64.rp 2.7 MB/s |  84 kB     00:00    
(8/11): pigz-2.5-1.amzn2023.0.4.x86_64.rpm      4.2 MB/s |  83 kB     00:00    
(9/11): containerd-2.2.4-1.amzn2023.0.3.x86_64.  66 MB/s |  24 MB     00:00    
(10/11): runc-1.3.5-1.amzn2023.0.2.x86_64.rpm    23 MB/s | 3.9 MB     00:00    
(11/11): docker-25.0.16-1.amzn2023.0.2.x86_64.r  67 MB/s |  46 MB     00:00    
--------------------------------------------------------------------------------
Total                                           103 MB/s |  76 MB     00:00     
Running transaction check
Transaction check succeeded.
Running transaction test
Transaction test succeeded.
Running transaction
  Preparing        :                                                        1/1 
  Installing       : runc-1.3.5-1.amzn2023.0.2.x86_64                      1/11 
  Installing       : containerd-2.2.4-1.amzn2023.0.3.x86_64                2/11 
  Running scriptlet: containerd-2.2.4-1.amzn2023.0.3.x86_64                2/11 
  Installing       : pigz-2.5-1.amzn2023.0.4.x86_64                        3/11 
  Installing       : libnftnl-1.2.2-2.amzn2023.0.2.x86_64                  4/11 
  Installing       : libnfnetlink-1.0.1-19.amzn2023.0.2.x86_64             5/11 
  Installing       : libnetfilter_conntrack-1.0.8-2.amzn2023.0.2.x86_64    6/11 
  Installing       : iptables-libs-1.8.8-3.amzn2023.0.2.x86_64             7/11 
  Installing       : iptables-nft-1.8.8-3.amzn2023.0.2.x86_64              8/11 
  Running scriptlet: iptables-nft-1.8.8-3.amzn2023.0.2.x86_64              8/11 
  Installing       : libcgroup-3.0-1.amzn2023.0.1.x86_64                   9/11 
  Running scriptlet: container-selinux-4:2.245.0-1.amzn2023.noarch        10/11 
  Installing       : container-selinux-4:2.245.0-1.amzn2023.noarch        10/11 
  Running scriptlet: container-selinux-4:2.245.0-1.amzn2023.noarch        10/11 
  Running scriptlet: docker-25.0.16-1.amzn2023.0.2.x86_64                 11/11 
  Installing       : docker-25.0.16-1.amzn2023.0.2.x86_64                 11/11 
  Running scriptlet: docker-25.0.16-1.amzn2023.0.2.x86_64                 11/11 
Created symlink /etc/systemd/system/sockets.target.wants/docker.socket → /usr/lib/systemd/system/docker.socket.

  Running scriptlet: container-selinux-4:2.245.0-1.amzn2023.noarch        11/11 
  Running scriptlet: docker-25.0.16-1.amzn2023.0.2.x86_64                 11/11 
  Verifying        : container-selinux-4:2.245.0-1.amzn2023.noarch         1/11 
  Verifying        : containerd-2.2.4-1.amzn2023.0.3.x86_64                2/11 
  Verifying        : docker-25.0.16-1.amzn2023.0.2.x86_64                  3/11 
  Verifying        : iptables-libs-1.8.8-3.amzn2023.0.2.x86_64             4/11 
  Verifying        : iptables-nft-1.8.8-3.amzn2023.0.2.x86_64              5/11 
  Verifying        : libcgroup-3.0-1.amzn2023.0.1.x86_64                   6/11 
  Verifying        : libnetfilter_conntrack-1.0.8-2.amzn2023.0.2.x86_64    7/11 
  Verifying        : libnfnetlink-1.0.1-19.amzn2023.0.2.x86_64             8/11 
  Verifying        : libnftnl-1.2.2-2.amzn2023.0.2.x86_64                  9/11 
  Verifying        : pigz-2.5-1.amzn2023.0.4.x86_64                       10/11 
  Verifying        : runc-1.3.5-1.amzn2023.0.2.x86_64                     11/11 

Installed:
  container-selinux-4:2.245.0-1.amzn2023.noarch                                 
  containerd-2.2.4-1.amzn2023.0.3.x86_64                                        
  docker-25.0.16-1.amzn2023.0.2.x86_64                                          
  iptables-libs-1.8.8-3.amzn2023.0.2.x86_64                                     
  iptables-nft-1.8.8-3.amzn2023.0.2.x86_64                                      
  libcgroup-3.0-1.amzn2023.0.1.x86_64                                           
  libnetfilter_conntrack-1.0.8-2.amzn2023.0.2.x86_64                            
  libnfnetlink-1.0.1-19.amzn2023.0.2.x86_64                                     
  libnftnl-1.2.2-2.amzn2023.0.2.x86_64                                          
  pigz-2.5-1.amzn2023.0.4.x86_64                                                
  runc-1.3.5-1.amzn2023.0.2.x86_64                                              

Complete!
Created symlink /etc/systemd/system/multi-user.target.wants/docker.service → /usr/lib/systemd/system/docker.service.
Warning: Permanently added '54.188.230.190' (ED25519) to the list of known hosts.
Warning: Permanently added '54.188.230.190' (ED25519) to the list of known hosts.
Warning: Permanently added '54.188.230.190' (ED25519) to the list of known hosts.
2.10-alpine: Pulling from library/nats
d49a2dee86fb: Pulling fs layer
08267b6ab21b: Pulling fs layer
252dbe15f747: Pulling fs layer
a9d9eb83cd84: Pulling fs layer
a9d9eb83cd84: Waiting
252dbe15f747: Verifying Checksum
252dbe15f747: Download complete
08267b6ab21b: Verifying Checksum
08267b6ab21b: Download complete
d49a2dee86fb: Verifying Checksum
d49a2dee86fb: Download complete
a9d9eb83cd84: Verifying Checksum
a9d9eb83cd84: Download complete
d49a2dee86fb: Pull complete
08267b6ab21b: Pull complete
252dbe15f747: Pull complete
a9d9eb83cd84: Pull complete
Digest: sha256:b83efabe3e7def1e0a4a31ec6e078999bb17c80363f881df35edc70fcb6bb927
Status: Downloaded newer image for nats:2.10-alpine
docker.io/library/nats:2.10-alpine
58f99523fd78774fa65f18b35025dee59c92053a3e47dca7869132dc456f68a3
NATS JetStream listening on 172.31.34.13:4222
Warning: Permanently added '54.188.230.190' (ED25519) to the list of known hosts.
NATS ready on nats-0
fleet bootstrap complete
>>> cross-build boson-bench (one-shot docker)
building boson-bench in amazonlinux:2023 docker -> /home/seanorourke/boson/target/al2023/boson-bench
info: downloading installer
warn: It looks like you have an existing rustup settings file at:
warn: /opt/rustup/settings.toml
warn: Rustup will install the default toolchain as specified in the settings file,
warn: instead of the one inferred from the default host triple.
info: profile set to default
info: default host triple is x86_64-unknown-linux-gnu
info: syncing channel updates for stable-x86_64-unknown-linux-gnu
info: latest update on 2026-06-30 for version 1.96.1 (31fca3adb 2026-06-26)
info: downloading 6 components
info: default toolchain set to stable-x86_64-unknown-linux-gnu

  stable-x86_64-unknown-linux-gnu installed - rustc 1.96.1 (31fca3adb 2026-06-26)


Rust is installed now. Great!

To get started you need Cargo's bin directory (/opt/cargo/bin) in your PATH
environment variable. This has not been done automatically.

To configure your current shell, you need to source
the corresponding env file under /opt/cargo.

This is usually done by running one of the following (note the leading DOT):
. "/opt/cargo/env"            # For sh/bash/zsh/ash/dash/pdksh
source "/opt/cargo/env.fish"  # For fish
source "/opt/cargo/env.nu"  # For nushell
source "/opt/cargo/env.tcsh"  # For tcsh
. "/opt/cargo/env.ps1"        # For pwsh
source "/opt/cargo/env.xsh"   # For xonsh
CARGO_BUILD_JOBS=16
   Compiling boson-bench v0.1.5 (/work/boson-bench)
    Finished `release` profile [optimized] target(s) in 19.06s
Built /home/seanorourke/boson/target/al2023/boson-bench (4330422f082a0acc240e7c92f0300af650ce5b3e-3355063c)
>>> deploy binary to bench 44.251.178.97
Warning: Permanently added '44.251.178.97' (ED25519) to the list of known hosts.
Warning: Permanently added '44.251.178.97' (ED25519) to the list of known hosts.
Warning: Permanently added '44.251.178.97' (ED25519) to the list of known hosts.
Warning: Permanently added '44.251.178.97' (ED25519) to the list of known hosts.
deploy gate ok: bm-be1 bm-bd1 registered
deployed 4330422f082a0acc240e7c92f0300af650ce5b3e-3355063c to 44.251.178.97
>>> tier3-capacity nats phase=drain-shard bench=44.251.178.97 broker=172.31.34.13 url=nats://172.31.34.13:4222
Warning: Permanently added '44.251.178.97' (ED25519) to the list of known hosts.
Warning: Permanently added '44.251.178.97' (ED25519) to the list of known hosts.
Warning: Permanently added '44.251.178.97' (ED25519) to the list of known hosts.
Warning: Permanently added '44.251.178.97' (ED25519) to the list of known hosts.
Warning: Permanently added '44.251.178.97' (ED25519) to the list of known hosts.
Warning: Permanently added '44.251.178.97' (ED25519) to the list of known hosts.
Warning: Permanently added '44.251.178.97' (ED25519) to the list of known hosts.
started pid=27953
campaign started; polling (deadline 7200s)...
  state=running elapsed=6s
  state=running elapsed=31s
  state=running elapsed=56s
  state=done elapsed=79s
Warning: Permanently added '44.251.178.97' (ED25519) to the list of known hosts.
campaign complete
Fetching reports from bench (44.251.178.97)
  extracted 5 files from bench
Reports in /home/seanorourke/boson/profiling/boson-bench/reports (before=216 after=221)
Terminating boson-nats-fleet-1: i-04a08545dc2a51ad0 i-0ea315e25584d499b
{
    "TerminatingInstances": [
        {
            "InstanceId": "i-04a08545dc2a51ad0",
            "CurrentState": {
                "Code": 32,
                "Name": "shutting-down"
            },
            "PreviousState": {
                "Code": 16,
                "Name": "running"
            }
        },
        {
            "InstanceId": "i-0ea315e25584d499b",
            "CurrentState": {
                "Code": 32,
                "Name": "shutting-down"
            },
            "PreviousState": {
                "Code": 16,
                "Name": "running"
            }
        }
    ]
}
teardown complete
   Compiling boson-bench v0.1.5 (/home/seanorourke/boson/boson-bench)
    Finished `release` profile [optimized] target(s) in 19.08s
     Running `/tmp/boson-target/release/boson-bench bd2-shard-curve --hardware aws-c6i-large --backend nats --reports-dir profiling/boson-bench/reports`
wrote profiling/boson-bench/reports/scaling-curve-bd2-shards-aws-c6i-large-nats.json
# Boson BM-BD2 shard scaling curve

- hardware: `aws-c6i-large`
- backend: `nats`
- peak drain: **5002 ops/s** at K=1
- worker_count (W): 32
- verdict: `shard_saturated`

| K (pools) | drain ops/s | shard_efficiency | W | report |
| --- | --- | --- | --- | --- |
| 1 | 5002 | 1.00 | 32 | bm-bd2-k1-w32-nats-isolated-lab-off-aws-c6i-large.json |
| 4 | 2794 | 0.14 | 32 | bm-bd2-k4-w32-nats-isolated-lab-off-aws-c6i-large.json |
| 10 | 4537 | 0.09 | 32 | bm-bd2-k10-w32-nats-isolated-lab-off-aws-c6i-large.json |
| 32 | 290 | 0.00 | 32 | bm-bd2-k32-w32-nats-isolated-lab-off-aws-c6i-large.json |

shard_efficiency = drain_throughput / (K × k1_peak) on one broker.
BD2 shard sweep done. Log: /home/seanorourke/boson/infra/native-aws/state/run-bd2-shard-sweep-aws-20260706-231959.log
