========== Phase G1: pool pinning (D9) ==========
launched bench=i-03276087aa434054b (c6i.large)
launched nats-0=i-0e541c50b5d185e1c (t3.medium)
launched nats-1=i-0ded4a925c985154c (t3.medium)
launched nats-2=i-09a3d4da3544bdfb1 (t3.medium)
launched nats-3=i-0d89d6e3c49a83661 (t3.medium)
manifest=/home/seanorourke/boson/infra/native-aws/manifests/boson-nats-fleet-4.json fleet_size=4 hardware=aws-c6i-large
>>> docker on bench (44.250.213.146)
Warning: Permanently added '44.250.213.146' (ED25519) to the list of known hosts.
Waiting for process with pid 1765 to finish.
Amazon Linux 2023 Kernel Livepatch repository   428 kB/s |  55 kB     00:00    
Dependencies resolved.
================================================================================
 Package                  Arch     Version                  Repository     Size
================================================================================
Installing:
 docker                   x86_64   25.0.16-1.amzn2023.0.3   amazonlinux    47 M
Installing dependencies:
 container-selinux        noarch   4:2.245.0-1.amzn2023     amazonlinux    58 k
 containerd               x86_64   2.2.5-1.amzn2023.0.1     amazonlinux    24 M
 iptables-libs            x86_64   1.8.8-3.amzn2023.0.2     amazonlinux   401 k
 iptables-nft             x86_64   1.8.8-3.amzn2023.0.2     amazonlinux   183 k
 libcgroup                x86_64   3.0-1.amzn2023.0.1       amazonlinux    75 k
 libnetfilter_conntrack   x86_64   1.0.8-2.amzn2023.0.2     amazonlinux    58 k
 libnfnetlink             x86_64   1.0.1-19.amzn2023.0.2    amazonlinux    30 k
 libnftnl                 x86_64   1.2.2-2.amzn2023.0.2     amazonlinux    84 k
 pigz                     x86_64   2.5-1.amzn2023.0.4       amazonlinux    83 k
 runc                     x86_64   1.3.5-1.amzn2023.0.2     amazonlinux   3.9 M

Transaction Summary
================================================================================
Install  11 Packages

Total download size: 76 M
Installed size: 284 M
Downloading Packages:
(1/11): container-selinux-2.245.0-1.amzn2023.no 1.5 MB/s |  58 kB     00:00    
(2/11): iptables-libs-1.8.8-3.amzn2023.0.2.x86_  14 MB/s | 401 kB     00:00    
(3/11): iptables-nft-1.8.8-3.amzn2023.0.2.x86_6 5.9 MB/s | 183 kB     00:00    
(4/11): libcgroup-3.0-1.amzn2023.0.1.x86_64.rpm 3.3 MB/s |  75 kB     00:00    
(5/11): libnetfilter_conntrack-1.0.8-2.amzn2023 2.5 MB/s |  58 kB     00:00    
(6/11): libnfnetlink-1.0.1-19.amzn2023.0.2.x86_ 1.3 MB/s |  30 kB     00:00    
(7/11): libnftnl-1.2.2-2.amzn2023.0.2.x86_64.rp 2.5 MB/s |  84 kB     00:00    
(8/11): pigz-2.5-1.amzn2023.0.4.x86_64.rpm      2.6 MB/s |  83 kB     00:00    
(9/11): containerd-2.2.5-1.amzn2023.0.1.x86_64.  65 MB/s |  24 MB     00:00    
(10/11): runc-1.3.5-1.amzn2023.0.2.x86_64.rpm    24 MB/s | 3.9 MB     00:00    
(11/11): docker-25.0.16-1.amzn2023.0.3.x86_64.r  67 MB/s |  47 MB     00:00    
--------------------------------------------------------------------------------
Total                                           104 MB/s |  76 MB     00:00     
Running transaction check
Transaction check succeeded.
Running transaction test
Transaction test succeeded.
Running transaction
  Preparing        :                                                        1/1 
  Installing       : runc-1.3.5-1.amzn2023.0.2.x86_64                      1/11 
  Installing       : containerd-2.2.5-1.amzn2023.0.1.x86_64                2/11 
  Running scriptlet: containerd-2.2.5-1.amzn2023.0.1.x86_64                2/11 
  Installing       : pigz-2.5-1.amzn2023.0.4.x86_64                        3/11 
  Installing       : libnftnl-1.2.2-2.amzn2023.0.2.x86_64                  4/11 
  Installing       : libnfnetlink-1.0.1-19.amzn2023.0.2.x86_64             5/11 
  Installing       : libnetfilter_conntrack-1.0.8-2.amzn2023.0.2.x86_64    6/11 
  Installing       : iptables-libs-1.8.8-3.amzn2023.0.2.x86_64             7/11 
  Installing       : iptables-nft-1.8.8-3.amzn2023.0.2.x86_64              8/11 
  Running scriptlet: iptables-nft-1.8.8-3.amzn2023.0.2.x86_64              8/11 
  Installing       : libcgroup-3.0-1.amzn2023.0.1.x86_64                   9/11 
  Running scriptlet: container-selinux-4:2.245.0-1.amzn2023.noarch        10/11 
  Installing       : container-selinux-4:2.245.0-1.amzn2023.noarch        10/11 
  Running scriptlet: container-selinux-4:2.245.0-1.amzn2023.noarch        10/11 
  Running scriptlet: docker-25.0.16-1.amzn2023.0.3.x86_64                 11/11 
  Installing       : docker-25.0.16-1.amzn2023.0.3.x86_64                 11/11 
  Running scriptlet: docker-25.0.16-1.amzn2023.0.3.x86_64                 11/11 
Created symlink /etc/systemd/system/sockets.target.wants/docker.socket → /usr/lib/systemd/system/docker.socket.

  Running scriptlet: container-selinux-4:2.245.0-1.amzn2023.noarch        11/11 
  Running scriptlet: docker-25.0.16-1.amzn2023.0.3.x86_64                 11/11 
  Verifying        : container-selinux-4:2.245.0-1.amzn2023.noarch         1/11 
  Verifying        : containerd-2.2.5-1.amzn2023.0.1.x86_64                2/11 
  Verifying        : docker-25.0.16-1.amzn2023.0.3.x86_64                  3/11 
  Verifying        : iptables-libs-1.8.8-3.amzn2023.0.2.x86_64             4/11 
  Verifying        : iptables-nft-1.8.8-3.amzn2023.0.2.x86_64              5/11 
  Verifying        : libcgroup-3.0-1.amzn2023.0.1.x86_64                   6/11 
  Verifying        : libnetfilter_conntrack-1.0.8-2.amzn2023.0.2.x86_64    7/11 
  Verifying        : libnfnetlink-1.0.1-19.amzn2023.0.2.x86_64             8/11 
  Verifying        : libnftnl-1.2.2-2.amzn2023.0.2.x86_64                  9/11 
  Verifying        : pigz-2.5-1.amzn2023.0.4.x86_64                       10/11 
  Verifying        : runc-1.3.5-1.amzn2023.0.2.x86_64                     11/11 

Installed:
  container-selinux-4:2.245.0-1.amzn2023.noarch                                 
  containerd-2.2.5-1.amzn2023.0.1.x86_64                                        
  docker-25.0.16-1.amzn2023.0.3.x86_64                                          
  iptables-libs-1.8.8-3.amzn2023.0.2.x86_64                                     
  iptables-nft-1.8.8-3.amzn2023.0.2.x86_64                                      
  libcgroup-3.0-1.amzn2023.0.1.x86_64                                           
  libnetfilter_conntrack-1.0.8-2.amzn2023.0.2.x86_64                            
  libnfnetlink-1.0.1-19.amzn2023.0.2.x86_64                                     
  libnftnl-1.2.2-2.amzn2023.0.2.x86_64                                          
  pigz-2.5-1.amzn2023.0.4.x86_64                                                
  runc-1.3.5-1.amzn2023.0.2.x86_64                                              

Complete!
Created symlink /etc/systemd/system/multi-user.target.wants/docker.service → /usr/lib/systemd/system/docker.service.
>>> docker + NATS on nats-0 (35.91.136.169 172.31.44.182)
Warning: Permanently added '35.91.136.169' (ED25519) to the list of known hosts.
Amazon Linux 2023 Kernel Livepatch repository   432 kB/s |  55 kB     00:00    
Dependencies resolved.
================================================================================
 Package                  Arch     Version                  Repository     Size
================================================================================
Installing:
 docker                   x86_64   25.0.16-1.amzn2023.0.3   amazonlinux    47 M
Installing dependencies:
 container-selinux        noarch   4:2.245.0-1.amzn2023     amazonlinux    58 k
 containerd               x86_64   2.2.5-1.amzn2023.0.1     amazonlinux    24 M
 iptables-libs            x86_64   1.8.8-3.amzn2023.0.2     amazonlinux   401 k
 iptables-nft             x86_64   1.8.8-3.amzn2023.0.2     amazonlinux   183 k
 libcgroup                x86_64   3.0-1.amzn2023.0.1       amazonlinux    75 k
 libnetfilter_conntrack   x86_64   1.0.8-2.amzn2023.0.2     amazonlinux    58 k
 libnfnetlink             x86_64   1.0.1-19.amzn2023.0.2    amazonlinux    30 k
 libnftnl                 x86_64   1.2.2-2.amzn2023.0.2     amazonlinux    84 k
 pigz                     x86_64   2.5-1.amzn2023.0.4       amazonlinux    83 k
 runc                     x86_64   1.3.5-1.amzn2023.0.2     amazonlinux   3.9 M

Transaction Summary
================================================================================
Install  11 Packages

Total download size: 76 M
Installed size: 284 M
Downloading Packages:
(1/11): container-selinux-2.245.0-1.amzn2023.no 1.5 MB/s |  58 kB     00:00    
(2/11): iptables-libs-1.8.8-3.amzn2023.0.2.x86_  14 MB/s | 401 kB     00:00    
(3/11): iptables-nft-1.8.8-3.amzn2023.0.2.x86_6 7.3 MB/s | 183 kB     00:00    
(4/11): libcgroup-3.0-1.amzn2023.0.1.x86_64.rpm 2.9 MB/s |  75 kB     00:00    
(5/11): libnetfilter_conntrack-1.0.8-2.amzn2023 2.3 MB/s |  58 kB     00:00    
(6/11): libnfnetlink-1.0.1-19.amzn2023.0.2.x86_ 1.1 MB/s |  30 kB     00:00    
(7/11): libnftnl-1.2.2-2.amzn2023.0.2.x86_64.rp 2.9 MB/s |  84 kB     00:00    
(8/11): pigz-2.5-1.amzn2023.0.4.x86_64.rpm      2.8 MB/s |  83 kB     00:00    
(9/11): containerd-2.2.5-1.amzn2023.0.1.x86_64.  51 MB/s |  24 MB     00:00    
(10/11): runc-1.3.5-1.amzn2023.0.2.x86_64.rpm    14 MB/s | 3.9 MB     00:00    
(11/11): docker-25.0.16-1.amzn2023.0.3.x86_64.r  53 MB/s |  47 MB     00:00    
--------------------------------------------------------------------------------
Total                                            82 MB/s |  76 MB     00:00     
Running transaction check
Transaction check succeeded.
Running transaction test
Transaction test succeeded.
Running transaction
  Preparing        :                                                        1/1 
  Installing       : runc-1.3.5-1.amzn2023.0.2.x86_64                      1/11 
  Installing       : containerd-2.2.5-1.amzn2023.0.1.x86_64                2/11 
  Running scriptlet: containerd-2.2.5-1.amzn2023.0.1.x86_64                2/11 
  Installing       : pigz-2.5-1.amzn2023.0.4.x86_64                        3/11 
  Installing       : libnftnl-1.2.2-2.amzn2023.0.2.x86_64                  4/11 
  Installing       : libnfnetlink-1.0.1-19.amzn2023.0.2.x86_64             5/11 
  Installing       : libnetfilter_conntrack-1.0.8-2.amzn2023.0.2.x86_64    6/11 
  Installing       : iptables-libs-1.8.8-3.amzn2023.0.2.x86_64             7/11 
  Installing       : iptables-nft-1.8.8-3.amzn2023.0.2.x86_64              8/11 
  Running scriptlet: iptables-nft-1.8.8-3.amzn2023.0.2.x86_64              8/11 
  Installing       : libcgroup-3.0-1.amzn2023.0.1.x86_64                   9/11 
  Running scriptlet: container-selinux-4:2.245.0-1.amzn2023.noarch        10/11 
  Installing       : container-selinux-4:2.245.0-1.amzn2023.noarch        10/11 
  Running scriptlet: container-selinux-4:2.245.0-1.amzn2023.noarch        10/11 
  Running scriptlet: docker-25.0.16-1.amzn2023.0.3.x86_64                 11/11 
  Installing       : docker-25.0.16-1.amzn2023.0.3.x86_64                 11/11 
  Running scriptlet: docker-25.0.16-1.amzn2023.0.3.x86_64                 11/11 
Created symlink /etc/systemd/system/sockets.target.wants/docker.socket → /usr/lib/systemd/system/docker.socket.

  Running scriptlet: container-selinux-4:2.245.0-1.amzn2023.noarch        11/11 
  Running scriptlet: docker-25.0.16-1.amzn2023.0.3.x86_64                 11/11 
  Verifying        : container-selinux-4:2.245.0-1.amzn2023.noarch         1/11 
  Verifying        : containerd-2.2.5-1.amzn2023.0.1.x86_64                2/11 
  Verifying        : docker-25.0.16-1.amzn2023.0.3.x86_64                  3/11 
  Verifying        : iptables-libs-1.8.8-3.amzn2023.0.2.x86_64             4/11 
  Verifying        : iptables-nft-1.8.8-3.amzn2023.0.2.x86_64              5/11 
  Verifying        : libcgroup-3.0-1.amzn2023.0.1.x86_64                   6/11 
  Verifying        : libnetfilter_conntrack-1.0.8-2.amzn2023.0.2.x86_64    7/11 
  Verifying        : libnfnetlink-1.0.1-19.amzn2023.0.2.x86_64             8/11 
  Verifying        : libnftnl-1.2.2-2.amzn2023.0.2.x86_64                  9/11 
  Verifying        : pigz-2.5-1.amzn2023.0.4.x86_64                       10/11 
  Verifying        : runc-1.3.5-1.amzn2023.0.2.x86_64                     11/11 

Installed:
  container-selinux-4:2.245.0-1.amzn2023.noarch                                 
  containerd-2.2.5-1.amzn2023.0.1.x86_64                                        
  docker-25.0.16-1.amzn2023.0.3.x86_64                                          
  iptables-libs-1.8.8-3.amzn2023.0.2.x86_64                                     
  iptables-nft-1.8.8-3.amzn2023.0.2.x86_64                                      
  libcgroup-3.0-1.amzn2023.0.1.x86_64                                           
  libnetfilter_conntrack-1.0.8-2.amzn2023.0.2.x86_64                            
  libnfnetlink-1.0.1-19.amzn2023.0.2.x86_64                                     
  libnftnl-1.2.2-2.amzn2023.0.2.x86_64                                          
  pigz-2.5-1.amzn2023.0.4.x86_64                                                
  runc-1.3.5-1.amzn2023.0.2.x86_64                                              

Complete!
Created symlink /etc/systemd/system/multi-user.target.wants/docker.service → /usr/lib/systemd/system/docker.service.
Warning: Permanently added '35.91.136.169' (ED25519) to the list of known hosts.
Warning: Permanently added '35.91.136.169' (ED25519) to the list of known hosts.
Warning: Permanently added '35.91.136.169' (ED25519) to the list of known hosts.
2.10-alpine: Pulling from library/nats
d49a2dee86fb: Pulling fs layer
08267b6ab21b: Pulling fs layer
252dbe15f747: Pulling fs layer
a9d9eb83cd84: Pulling fs layer
a9d9eb83cd84: Waiting
252dbe15f747: Verifying Checksum
252dbe15f747: Download complete
d49a2dee86fb: Verifying Checksum
d49a2dee86fb: Download complete
08267b6ab21b: Verifying Checksum
08267b6ab21b: Download complete
a9d9eb83cd84: Verifying Checksum
a9d9eb83cd84: Download complete
d49a2dee86fb: Pull complete
08267b6ab21b: Pull complete
252dbe15f747: Pull complete
a9d9eb83cd84: Pull complete
Digest: sha256:b83efabe3e7def1e0a4a31ec6e078999bb17c80363f881df35edc70fcb6bb927
Status: Downloaded newer image for nats:2.10-alpine
docker.io/library/nats:2.10-alpine
1a0e3754ae2535dc18a528de74ebfc2c69d78ca24c3e1ae47727a59f07de6fb6
NATS JetStream listening on 172.31.44.182:4222
Warning: Permanently added '35.91.136.169' (ED25519) to the list of known hosts.
NATS ready on nats-0
>>> docker + NATS on nats-1 (34.213.226.129 172.31.43.155)
Warning: Permanently added '34.213.226.129' (ED25519) to the list of known hosts.
Amazon Linux 2023 repository                     69 MB/s |  71 MB     00:01    
Amazon Linux 2023 Kernel Livepatch repository   459 kB/s |  55 kB     00:00    
Dependencies resolved.
================================================================================
 Package                  Arch     Version                  Repository     Size
================================================================================
Installing:
 docker                   x86_64   25.0.16-1.amzn2023.0.3   amazonlinux    47 M
Installing dependencies:
 container-selinux        noarch   4:2.245.0-1.amzn2023     amazonlinux    58 k
 containerd               x86_64   2.2.5-1.amzn2023.0.1     amazonlinux    24 M
 iptables-libs            x86_64   1.8.8-3.amzn2023.0.2     amazonlinux   401 k
 iptables-nft             x86_64   1.8.8-3.amzn2023.0.2     amazonlinux   183 k
 libcgroup                x86_64   3.0-1.amzn2023.0.1       amazonlinux    75 k
 libnetfilter_conntrack   x86_64   1.0.8-2.amzn2023.0.2     amazonlinux    58 k
 libnfnetlink             x86_64   1.0.1-19.amzn2023.0.2    amazonlinux    30 k
 libnftnl                 x86_64   1.2.2-2.amzn2023.0.2     amazonlinux    84 k
 pigz                     x86_64   2.5-1.amzn2023.0.4       amazonlinux    83 k
 runc                     x86_64   1.3.5-1.amzn2023.0.2     amazonlinux   3.9 M

Transaction Summary
================================================================================
Install  11 Packages

Total download size: 76 M
Installed size: 284 M
Downloading Packages:
(1/11): container-selinux-2.245.0-1.amzn2023.no 1.4 MB/s |  58 kB     00:00    
(2/11): iptables-libs-1.8.8-3.amzn2023.0.2.x86_  12 MB/s | 401 kB     00:00    
(3/11): iptables-nft-1.8.8-3.amzn2023.0.2.x86_6 6.2 MB/s | 183 kB     00:00    
(4/11): libcgroup-3.0-1.amzn2023.0.1.x86_64.rpm 3.3 MB/s |  75 kB     00:00    
(5/11): libnetfilter_conntrack-1.0.8-2.amzn2023 2.2 MB/s |  58 kB     00:00    
(6/11): libnfnetlink-1.0.1-19.amzn2023.0.2.x86_ 1.0 MB/s |  30 kB     00:00    
(7/11): libnftnl-1.2.2-2.amzn2023.0.2.x86_64.rp 2.9 MB/s |  84 kB     00:00    
(8/11): pigz-2.5-1.amzn2023.0.4.x86_64.rpm      2.5 MB/s |  83 kB     00:00    
(9/11): containerd-2.2.5-1.amzn2023.0.1.x86_64.  62 MB/s |  24 MB     00:00    
(10/11): runc-1.3.5-1.amzn2023.0.2.x86_64.rpm    22 MB/s | 3.9 MB     00:00    
(11/11): docker-25.0.16-1.amzn2023.0.3.x86_64.r  60 MB/s |  47 MB     00:00    
--------------------------------------------------------------------------------
Total                                            93 MB/s |  76 MB     00:00     
Running transaction check
Transaction check succeeded.
Running transaction test
Transaction test succeeded.
Running transaction
  Preparing        :                                                        1/1 
  Installing       : runc-1.3.5-1.amzn2023.0.2.x86_64                      1/11 
  Installing       : containerd-2.2.5-1.amzn2023.0.1.x86_64                2/11 
  Running scriptlet: containerd-2.2.5-1.amzn2023.0.1.x86_64                2/11 
  Installing       : pigz-2.5-1.amzn2023.0.4.x86_64                        3/11 
  Installing       : libnftnl-1.2.2-2.amzn2023.0.2.x86_64                  4/11 
  Installing       : libnfnetlink-1.0.1-19.amzn2023.0.2.x86_64             5/11 
  Installing       : libnetfilter_conntrack-1.0.8-2.amzn2023.0.2.x86_64    6/11 
  Installing       : iptables-libs-1.8.8-3.amzn2023.0.2.x86_64             7/11 
  Installing       : iptables-nft-1.8.8-3.amzn2023.0.2.x86_64              8/11 
  Running scriptlet: iptables-nft-1.8.8-3.amzn2023.0.2.x86_64              8/11 
  Installing       : libcgroup-3.0-1.amzn2023.0.1.x86_64                   9/11 
  Running scriptlet: container-selinux-4:2.245.0-1.amzn2023.noarch        10/11 
  Installing       : container-selinux-4:2.245.0-1.amzn2023.noarch        10/11 
  Running scriptlet: container-selinux-4:2.245.0-1.amzn2023.noarch        10/11 
  Running scriptlet: docker-25.0.16-1.amzn2023.0.3.x86_64                 11/11 
  Installing       : docker-25.0.16-1.amzn2023.0.3.x86_64                 11/11 
  Running scriptlet: docker-25.0.16-1.amzn2023.0.3.x86_64                 11/11 
Created symlink /etc/systemd/system/sockets.target.wants/docker.socket → /usr/lib/systemd/system/docker.socket.

  Running scriptlet: container-selinux-4:2.245.0-1.amzn2023.noarch        11/11 
  Running scriptlet: docker-25.0.16-1.amzn2023.0.3.x86_64                 11/11 
  Verifying        : container-selinux-4:2.245.0-1.amzn2023.noarch         1/11 
  Verifying        : containerd-2.2.5-1.amzn2023.0.1.x86_64                2/11 
  Verifying        : docker-25.0.16-1.amzn2023.0.3.x86_64                  3/11 
  Verifying        : iptables-libs-1.8.8-3.amzn2023.0.2.x86_64             4/11 
  Verifying        : iptables-nft-1.8.8-3.amzn2023.0.2.x86_64              5/11 
  Verifying        : libcgroup-3.0-1.amzn2023.0.1.x86_64                   6/11 
  Verifying        : libnetfilter_conntrack-1.0.8-2.amzn2023.0.2.x86_64    7/11 
  Verifying        : libnfnetlink-1.0.1-19.amzn2023.0.2.x86_64             8/11 
  Verifying        : libnftnl-1.2.2-2.amzn2023.0.2.x86_64                  9/11 
  Verifying        : pigz-2.5-1.amzn2023.0.4.x86_64                       10/11 
  Verifying        : runc-1.3.5-1.amzn2023.0.2.x86_64                     11/11 

Installed:
  container-selinux-4:2.245.0-1.amzn2023.noarch                                 
  containerd-2.2.5-1.amzn2023.0.1.x86_64                                        
  docker-25.0.16-1.amzn2023.0.3.x86_64                                          
  iptables-libs-1.8.8-3.amzn2023.0.2.x86_64                                     
  iptables-nft-1.8.8-3.amzn2023.0.2.x86_64                                      
  libcgroup-3.0-1.amzn2023.0.1.x86_64                                           
  libnetfilter_conntrack-1.0.8-2.amzn2023.0.2.x86_64                            
  libnfnetlink-1.0.1-19.amzn2023.0.2.x86_64                                     
  libnftnl-1.2.2-2.amzn2023.0.2.x86_64                                          
  pigz-2.5-1.amzn2023.0.4.x86_64                                                
  runc-1.3.5-1.amzn2023.0.2.x86_64                                              

Complete!
Created symlink /etc/systemd/system/multi-user.target.wants/docker.service → /usr/lib/systemd/system/docker.service.
Warning: Permanently added '34.213.226.129' (ED25519) to the list of known hosts.
Warning: Permanently added '34.213.226.129' (ED25519) to the list of known hosts.
Warning: Permanently added '34.213.226.129' (ED25519) to the list of known hosts.
2.10-alpine: Pulling from library/nats
d49a2dee86fb: Pulling fs layer
08267b6ab21b: Pulling fs layer
252dbe15f747: Pulling fs layer
a9d9eb83cd84: Pulling fs layer
a9d9eb83cd84: Waiting
252dbe15f747: Verifying Checksum
252dbe15f747: Download complete
d49a2dee86fb: Verifying Checksum
d49a2dee86fb: Download complete
08267b6ab21b: Verifying Checksum
08267b6ab21b: Download complete
a9d9eb83cd84: Verifying Checksum
a9d9eb83cd84: Download complete
d49a2dee86fb: Pull complete
08267b6ab21b: Pull complete
252dbe15f747: Pull complete
a9d9eb83cd84: Pull complete
Digest: sha256:b83efabe3e7def1e0a4a31ec6e078999bb17c80363f881df35edc70fcb6bb927
Status: Downloaded newer image for nats:2.10-alpine
docker.io/library/nats:2.10-alpine
918cb0287600ecbc9e98194b7274391bd4d624312e5cea2f861cabd491cbb167
NATS JetStream listening on 172.31.43.155:4222
Warning: Permanently added '34.213.226.129' (ED25519) to the list of known hosts.
NATS ready on nats-1
>>> docker + NATS on nats-2 (44.251.56.247 172.31.41.127)
Warning: Permanently added '44.251.56.247' (ED25519) to the list of known hosts.
Amazon Linux 2023 Kernel Livepatch repository   465 kB/s |  55 kB     00:00    
Dependencies resolved.
================================================================================
 Package                  Arch     Version                  Repository     Size
================================================================================
Installing:
 docker                   x86_64   25.0.16-1.amzn2023.0.3   amazonlinux    47 M
Installing dependencies:
 container-selinux        noarch   4:2.245.0-1.amzn2023     amazonlinux    58 k
 containerd               x86_64   2.2.5-1.amzn2023.0.1     amazonlinux    24 M
 iptables-libs            x86_64   1.8.8-3.amzn2023.0.2     amazonlinux   401 k
 iptables-nft             x86_64   1.8.8-3.amzn2023.0.2     amazonlinux   183 k
 libcgroup                x86_64   3.0-1.amzn2023.0.1       amazonlinux    75 k
 libnetfilter_conntrack   x86_64   1.0.8-2.amzn2023.0.2     amazonlinux    58 k
 libnfnetlink             x86_64   1.0.1-19.amzn2023.0.2    amazonlinux    30 k
 libnftnl                 x86_64   1.2.2-2.amzn2023.0.2     amazonlinux    84 k
 pigz                     x86_64   2.5-1.amzn2023.0.4       amazonlinux    83 k
 runc                     x86_64   1.3.5-1.amzn2023.0.2     amazonlinux   3.9 M

Transaction Summary
================================================================================
Install  11 Packages

Total download size: 76 M
Installed size: 284 M
Downloading Packages:
(1/11): container-selinux-2.245.0-1.amzn2023.no 1.5 MB/s |  58 kB     00:00    
(2/11): iptables-libs-1.8.8-3.amzn2023.0.2.x86_  13 MB/s | 401 kB     00:00    
(3/11): iptables-nft-1.8.8-3.amzn2023.0.2.x86_6 6.3 MB/s | 183 kB     00:00    
(4/11): libcgroup-3.0-1.amzn2023.0.1.x86_64.rpm 2.2 MB/s |  75 kB     00:00    
(5/11): libnetfilter_conntrack-1.0.8-2.amzn2023 2.5 MB/s |  58 kB     00:00    
(6/11): libnfnetlink-1.0.1-19.amzn2023.0.2.x86_ 1.1 MB/s |  30 kB     00:00    
(7/11): libnftnl-1.2.2-2.amzn2023.0.2.x86_64.rp 2.7 MB/s |  84 kB     00:00    
(8/11): pigz-2.5-1.amzn2023.0.4.x86_64.rpm      2.9 MB/s |  83 kB     00:00    
(9/11): containerd-2.2.5-1.amzn2023.0.1.x86_64.  64 MB/s |  24 MB     00:00    
(10/11): runc-1.3.5-1.amzn2023.0.2.x86_64.rpm    23 MB/s | 3.9 MB     00:00    
(11/11): docker-25.0.16-1.amzn2023.0.3.x86_64.r  63 MB/s |  47 MB     00:00    
--------------------------------------------------------------------------------
Total                                            97 MB/s |  76 MB     00:00     
Running transaction check
Transaction check succeeded.
Running transaction test
Transaction test succeeded.
Running transaction
  Preparing        :                                                        1/1 
  Installing       : runc-1.3.5-1.amzn2023.0.2.x86_64                      1/11 
  Installing       : containerd-2.2.5-1.amzn2023.0.1.x86_64                2/11 
  Running scriptlet: containerd-2.2.5-1.amzn2023.0.1.x86_64                2/11 
  Installing       : pigz-2.5-1.amzn2023.0.4.x86_64                        3/11 
  Installing       : libnftnl-1.2.2-2.amzn2023.0.2.x86_64                  4/11 
  Installing       : libnfnetlink-1.0.1-19.amzn2023.0.2.x86_64             5/11 
  Installing       : libnetfilter_conntrack-1.0.8-2.amzn2023.0.2.x86_64    6/11 
  Installing       : iptables-libs-1.8.8-3.amzn2023.0.2.x86_64             7/11 
  Installing       : iptables-nft-1.8.8-3.amzn2023.0.2.x86_64              8/11 
  Running scriptlet: iptables-nft-1.8.8-3.amzn2023.0.2.x86_64              8/11 
  Installing       : libcgroup-3.0-1.amzn2023.0.1.x86_64                   9/11 
  Running scriptlet: container-selinux-4:2.245.0-1.amzn2023.noarch        10/11 
  Installing       : container-selinux-4:2.245.0-1.amzn2023.noarch        10/11 
  Running scriptlet: container-selinux-4:2.245.0-1.amzn2023.noarch        10/11 
  Running scriptlet: docker-25.0.16-1.amzn2023.0.3.x86_64                 11/11 
  Installing       : docker-25.0.16-1.amzn2023.0.3.x86_64                 11/11 
  Running scriptlet: docker-25.0.16-1.amzn2023.0.3.x86_64                 11/11 
Created symlink /etc/systemd/system/sockets.target.wants/docker.socket → /usr/lib/systemd/system/docker.socket.

  Running scriptlet: container-selinux-4:2.245.0-1.amzn2023.noarch        11/11 
  Running scriptlet: docker-25.0.16-1.amzn2023.0.3.x86_64                 11/11 
  Verifying        : container-selinux-4:2.245.0-1.amzn2023.noarch         1/11 
  Verifying        : containerd-2.2.5-1.amzn2023.0.1.x86_64                2/11 
  Verifying        : docker-25.0.16-1.amzn2023.0.3.x86_64                  3/11 
  Verifying        : iptables-libs-1.8.8-3.amzn2023.0.2.x86_64             4/11 
  Verifying        : iptables-nft-1.8.8-3.amzn2023.0.2.x86_64              5/11 
  Verifying        : libcgroup-3.0-1.amzn2023.0.1.x86_64                   6/11 
  Verifying        : libnetfilter_conntrack-1.0.8-2.amzn2023.0.2.x86_64    7/11 
  Verifying        : libnfnetlink-1.0.1-19.amzn2023.0.2.x86_64             8/11 
  Verifying        : libnftnl-1.2.2-2.amzn2023.0.2.x86_64                  9/11 
  Verifying        : pigz-2.5-1.amzn2023.0.4.x86_64                       10/11 
  Verifying        : runc-1.3.5-1.amzn2023.0.2.x86_64                     11/11 

Installed:
  container-selinux-4:2.245.0-1.amzn2023.noarch                                 
  containerd-2.2.5-1.amzn2023.0.1.x86_64                                        
  docker-25.0.16-1.amzn2023.0.3.x86_64                                          
  iptables-libs-1.8.8-3.amzn2023.0.2.x86_64                                     
  iptables-nft-1.8.8-3.amzn2023.0.2.x86_64                                      
  libcgroup-3.0-1.amzn2023.0.1.x86_64                                           
  libnetfilter_conntrack-1.0.8-2.amzn2023.0.2.x86_64                            
  libnfnetlink-1.0.1-19.amzn2023.0.2.x86_64                                     
  libnftnl-1.2.2-2.amzn2023.0.2.x86_64                                          
  pigz-2.5-1.amzn2023.0.4.x86_64                                                
  runc-1.3.5-1.amzn2023.0.2.x86_64                                              

Complete!
Created symlink /etc/systemd/system/multi-user.target.wants/docker.service → /usr/lib/systemd/system/docker.service.
Warning: Permanently added '44.251.56.247' (ED25519) to the list of known hosts.
Warning: Permanently added '44.251.56.247' (ED25519) to the list of known hosts.
Warning: Permanently added '44.251.56.247' (ED25519) to the list of known hosts.
2.10-alpine: Pulling from library/nats
d49a2dee86fb: Pulling fs layer
08267b6ab21b: Pulling fs layer
252dbe15f747: Pulling fs layer
a9d9eb83cd84: Pulling fs layer
a9d9eb83cd84: Waiting
252dbe15f747: Verifying Checksum
252dbe15f747: Download complete
08267b6ab21b: Verifying Checksum
08267b6ab21b: Download complete
d49a2dee86fb: Verifying Checksum
d49a2dee86fb: Download complete
a9d9eb83cd84: Verifying Checksum
a9d9eb83cd84: Download complete
d49a2dee86fb: Pull complete
08267b6ab21b: Pull complete
252dbe15f747: Pull complete
a9d9eb83cd84: Pull complete
Digest: sha256:b83efabe3e7def1e0a4a31ec6e078999bb17c80363f881df35edc70fcb6bb927
Status: Downloaded newer image for nats:2.10-alpine
docker.io/library/nats:2.10-alpine
604725c8b0aabb368a413850383032bf22eba569bd6ace6996b2936c8e6d016a
NATS JetStream listening on 172.31.41.127:4222
Warning: Permanently added '44.251.56.247' (ED25519) to the list of known hosts.
NATS ready on nats-2
>>> docker + NATS on nats-3 (34.220.34.18 172.31.36.200)
Warning: Permanently added '34.220.34.18' (ED25519) to the list of known hosts.
Amazon Linux 2023 Kernel Livepatch repository   477 kB/s |  55 kB     00:00    
Dependencies resolved.
================================================================================
 Package                  Arch     Version                  Repository     Size
================================================================================
Installing:
 docker                   x86_64   25.0.16-1.amzn2023.0.3   amazonlinux    47 M
Installing dependencies:
 container-selinux        noarch   4:2.245.0-1.amzn2023     amazonlinux    58 k
 containerd               x86_64   2.2.5-1.amzn2023.0.1     amazonlinux    24 M
 iptables-libs            x86_64   1.8.8-3.amzn2023.0.2     amazonlinux   401 k
 iptables-nft             x86_64   1.8.8-3.amzn2023.0.2     amazonlinux   183 k
 libcgroup                x86_64   3.0-1.amzn2023.0.1       amazonlinux    75 k
 libnetfilter_conntrack   x86_64   1.0.8-2.amzn2023.0.2     amazonlinux    58 k
 libnfnetlink             x86_64   1.0.1-19.amzn2023.0.2    amazonlinux    30 k
 libnftnl                 x86_64   1.2.2-2.amzn2023.0.2     amazonlinux    84 k
 pigz                     x86_64   2.5-1.amzn2023.0.4       amazonlinux    83 k
 runc                     x86_64   1.3.5-1.amzn2023.0.2     amazonlinux   3.9 M

Transaction Summary
================================================================================
Install  11 Packages

Total download size: 76 M
Installed size: 284 M
Downloading Packages:
(1/11): container-selinux-2.245.0-1.amzn2023.no 1.4 MB/s |  58 kB     00:00    
(2/11): iptables-libs-1.8.8-3.amzn2023.0.2.x86_  11 MB/s | 401 kB     00:00    
(3/11): iptables-nft-1.8.8-3.amzn2023.0.2.x86_6 7.1 MB/s | 183 kB     00:00    
(4/11): libcgroup-3.0-1.amzn2023.0.1.x86_64.rpm 3.0 MB/s |  75 kB     00:00    
(5/11): libnetfilter_conntrack-1.0.8-2.amzn2023 2.2 MB/s |  58 kB     00:00    
(6/11): libnfnetlink-1.0.1-19.amzn2023.0.2.x86_ 945 kB/s |  30 kB     00:00    
(7/11): libnftnl-1.2.2-2.amzn2023.0.2.x86_64.rp 2.8 MB/s |  84 kB     00:00    
(8/11): pigz-2.5-1.amzn2023.0.4.x86_64.rpm      3.7 MB/s |  83 kB     00:00    
(9/11): containerd-2.2.5-1.amzn2023.0.1.x86_64.  56 MB/s |  24 MB     00:00    
(10/11): runc-1.3.5-1.amzn2023.0.2.x86_64.rpm    17 MB/s | 3.9 MB     00:00    
(11/11): docker-25.0.16-1.amzn2023.0.3.x86_64.r  63 MB/s |  47 MB     00:00    
--------------------------------------------------------------------------------
Total                                            97 MB/s |  76 MB     00:00     
Running transaction check
Transaction check succeeded.
Running transaction test
Transaction test succeeded.
Running transaction
  Preparing        :                                                        1/1 
  Installing       : runc-1.3.5-1.amzn2023.0.2.x86_64                      1/11 
  Installing       : containerd-2.2.5-1.amzn2023.0.1.x86_64                2/11 
  Running scriptlet: containerd-2.2.5-1.amzn2023.0.1.x86_64                2/11 
  Installing       : pigz-2.5-1.amzn2023.0.4.x86_64                        3/11 
  Installing       : libnftnl-1.2.2-2.amzn2023.0.2.x86_64                  4/11 
  Installing       : libnfnetlink-1.0.1-19.amzn2023.0.2.x86_64             5/11 
  Installing       : libnetfilter_conntrack-1.0.8-2.amzn2023.0.2.x86_64    6/11 
  Installing       : iptables-libs-1.8.8-3.amzn2023.0.2.x86_64             7/11 
  Installing       : iptables-nft-1.8.8-3.amzn2023.0.2.x86_64              8/11 
  Running scriptlet: iptables-nft-1.8.8-3.amzn2023.0.2.x86_64              8/11 
  Installing       : libcgroup-3.0-1.amzn2023.0.1.x86_64                   9/11 
  Running scriptlet: container-selinux-4:2.245.0-1.amzn2023.noarch        10/11 
  Installing       : container-selinux-4:2.245.0-1.amzn2023.noarch        10/11 
  Running scriptlet: container-selinux-4:2.245.0-1.amzn2023.noarch        10/11 
  Running scriptlet: docker-25.0.16-1.amzn2023.0.3.x86_64                 11/11 
  Installing       : docker-25.0.16-1.amzn2023.0.3.x86_64                 11/11 
  Running scriptlet: docker-25.0.16-1.amzn2023.0.3.x86_64                 11/11 
Created symlink /etc/systemd/system/sockets.target.wants/docker.socket → /usr/lib/systemd/system/docker.socket.

  Running scriptlet: container-selinux-4:2.245.0-1.amzn2023.noarch        11/11 
  Running scriptlet: docker-25.0.16-1.amzn2023.0.3.x86_64                 11/11 
  Verifying        : container-selinux-4:2.245.0-1.amzn2023.noarch         1/11 
  Verifying        : containerd-2.2.5-1.amzn2023.0.1.x86_64                2/11 
  Verifying        : docker-25.0.16-1.amzn2023.0.3.x86_64                  3/11 
  Verifying        : iptables-libs-1.8.8-3.amzn2023.0.2.x86_64             4/11 
  Verifying        : iptables-nft-1.8.8-3.amzn2023.0.2.x86_64              5/11 
  Verifying        : libcgroup-3.0-1.amzn2023.0.1.x86_64                   6/11 
  Verifying        : libnetfilter_conntrack-1.0.8-2.amzn2023.0.2.x86_64    7/11 
  Verifying        : libnfnetlink-1.0.1-19.amzn2023.0.2.x86_64             8/11 
  Verifying        : libnftnl-1.2.2-2.amzn2023.0.2.x86_64                  9/11 
  Verifying        : pigz-2.5-1.amzn2023.0.4.x86_64                       10/11 
  Verifying        : runc-1.3.5-1.amzn2023.0.2.x86_64                     11/11 

Installed:
  container-selinux-4:2.245.0-1.amzn2023.noarch                                 
  containerd-2.2.5-1.amzn2023.0.1.x86_64                                        
  docker-25.0.16-1.amzn2023.0.3.x86_64                                          
  iptables-libs-1.8.8-3.amzn2023.0.2.x86_64                                     
  iptables-nft-1.8.8-3.amzn2023.0.2.x86_64                                      
  libcgroup-3.0-1.amzn2023.0.1.x86_64                                           
  libnetfilter_conntrack-1.0.8-2.amzn2023.0.2.x86_64                            
  libnfnetlink-1.0.1-19.amzn2023.0.2.x86_64                                     
  libnftnl-1.2.2-2.amzn2023.0.2.x86_64                                          
  pigz-2.5-1.amzn2023.0.4.x86_64                                                
  runc-1.3.5-1.amzn2023.0.2.x86_64                                              

Complete!
Created symlink /etc/systemd/system/multi-user.target.wants/docker.service → /usr/lib/systemd/system/docker.service.
Warning: Permanently added '34.220.34.18' (ED25519) to the list of known hosts.
Warning: Permanently added '34.220.34.18' (ED25519) to the list of known hosts.
Warning: Permanently added '34.220.34.18' (ED25519) to the list of known hosts.
2.10-alpine: Pulling from library/nats
d49a2dee86fb: Pulling fs layer
08267b6ab21b: Pulling fs layer
252dbe15f747: Pulling fs layer
a9d9eb83cd84: Pulling fs layer
a9d9eb83cd84: Waiting
252dbe15f747: Verifying Checksum
252dbe15f747: Download complete
d49a2dee86fb: Verifying Checksum
d49a2dee86fb: Download complete
08267b6ab21b: Verifying Checksum
08267b6ab21b: Download complete
a9d9eb83cd84: Verifying Checksum
a9d9eb83cd84: Download complete
d49a2dee86fb: Pull complete
08267b6ab21b: Pull complete
252dbe15f747: Pull complete
a9d9eb83cd84: Pull complete
Digest: sha256:b83efabe3e7def1e0a4a31ec6e078999bb17c80363f881df35edc70fcb6bb927
Status: Downloaded newer image for nats:2.10-alpine
docker.io/library/nats:2.10-alpine
2575e34f988740abf34a826b68cf28664a834edf43c9a189422290190e9d4473
NATS JetStream listening on 172.31.36.200:4222
Warning: Permanently added '34.220.34.18' (ED25519) to the list of known hosts.
NATS ready on nats-3
fleet bootstrap complete
>>> cross-build boson-bench (one-shot docker)
building boson-bench in amazonlinux:2023 docker -> /home/seanorourke/boson/target/al2023/boson-bench
info: downloading installer
warn: It looks like you have an existing rustup settings file at:
warn: /opt/rustup/settings.toml
warn: Rustup will install the default toolchain as specified in the settings file,
warn: instead of the one inferred from the default host triple.
info: profile set to default
info: default host triple is x86_64-unknown-linux-gnu
info: syncing channel updates for stable-x86_64-unknown-linux-gnu
info: latest update on 2026-06-30 for version 1.96.1 (31fca3adb 2026-06-26)
info: downloading 6 components

info: default toolchain set to stable-x86_64-unknown-linux-gnu
  stable-x86_64-unknown-linux-gnu installed - rustc 1.96.1 (31fca3adb 2026-06-26)


Rust is installed now. Great!

To get started you need Cargo's bin directory (/opt/cargo/bin) in your PATH
environment variable. This has not been done automatically.

To configure your current shell, you need to source
the corresponding env file under /opt/cargo.

This is usually done by running one of the following (note the leading DOT):
. "/opt/cargo/env"            # For sh/bash/zsh/ash/dash/pdksh
source "/opt/cargo/env.fish"  # For fish
source "/opt/cargo/env.nu"  # For nushell
source "/opt/cargo/env.tcsh"  # For tcsh
. "/opt/cargo/env.ps1"        # For pwsh
source "/opt/cargo/env.xsh"   # For xonsh
CARGO_BUILD_JOBS=16
    Finished `release` profile [optimized] target(s) in 0.21s
Built /home/seanorourke/boson/target/al2023/boson-bench (6c5dabdf628d39a03b77b4c8e39c7491df6ffe04-3355063c)
>>> deploy binary to bench 44.250.213.146
Warning: Permanently added '44.250.213.146' (ED25519) to the list of known hosts.
Warning: Permanently added '44.250.213.146' (ED25519) to the list of known hosts.
Warning: Permanently added '44.250.213.146' (ED25519) to the list of known hosts.
Warning: Permanently added '44.250.213.146' (ED25519) to the list of known hosts.
deploy gate ok: bm-be1 bm-bd1 registered
deployed 6c5dabdf628d39a03b77b4c8e39c7491df6ffe04-3355063c to 44.250.213.146
>>> tier3-capacity nats phase=drain-fleet-pin bench=44.250.213.146 broker=172.31.44.182 url=nats://172.31.44.182:4222
Warning: Permanently added '44.250.213.146' (ED25519) to the list of known hosts.
Warning: Permanently added '44.250.213.146' (ED25519) to the list of known hosts.
Warning: Permanently added '44.250.213.146' (ED25519) to the list of known hosts.
Warning: Permanently added '44.250.213.146' (ED25519) to the list of known hosts.
Warning: Permanently added '44.250.213.146' (ED25519) to the list of known hosts.
Warning: Permanently added '44.250.213.146' (ED25519) to the list of known hosts.
Warning: Permanently added '44.250.213.146' (ED25519) to the list of known hosts.
started pid=28006
campaign started; polling (deadline 7200s)...
  state=running elapsed=6s
  state=running elapsed=32s
  state=running elapsed=57s
  state=running elapsed=83s
  state=done elapsed=106s
Warning: Permanently added '44.250.213.146' (ED25519) to the list of known hosts.
campaign complete
Fetching reports from bench (44.250.213.146)
  extracted 2 files from bench
Reports in /home/seanorourke/boson/profiling/boson-bench/reports (before=266 after=268)
Terminating boson-nats-fleet-4: i-03276087aa434054b i-0e541c50b5d185e1c i-0ded4a925c985154c i-09a3d4da3544bdfb1 i-0d89d6e3c49a83661
{
    "TerminatingInstances": [
        {
            "InstanceId": "i-03276087aa434054b",
            "CurrentState": {
                "Code": 32,
                "Name": "shutting-down"
            },
            "PreviousState": {
                "Code": 16,
                "Name": "running"
            }
        },
        {
            "InstanceId": "i-09a3d4da3544bdfb1",
            "CurrentState": {
                "Code": 32,
                "Name": "shutting-down"
            },
            "PreviousState": {
                "Code": 16,
                "Name": "running"
            }
        },
        {
            "InstanceId": "i-0d89d6e3c49a83661",
            "CurrentState": {
                "Code": 32,
                "Name": "shutting-down"
            },
            "PreviousState": {
                "Code": 16,
                "Name": "running"
            }
        },
        {
            "InstanceId": "i-0ded4a925c985154c",
            "CurrentState": {
                "Code": 32,
                "Name": "shutting-down"
            },
            "PreviousState": {
                "Code": 16,
                "Name": "running"
            }
        },
        {
            "InstanceId": "i-0e541c50b5d185e1c",
            "CurrentState": {
                "Code": 32,
                "Name": "shutting-down"
            },
            "PreviousState": {
                "Code": 16,
                "Name": "running"
            }
        }
    ]
}
Terminating remaining boson-bench instances: i-0276f34cb733cf6ed	i-0f93c475d3684e5c0
{
    "TerminatingInstances": [
        {
            "InstanceId": "i-0f93c475d3684e5c0",
            "CurrentState": {
                "Code": 32,
                "Name": "shutting-down"
            },
            "PreviousState": {
                "Code": 16,
                "Name": "running"
            }
        },
        {
            "InstanceId": "i-0276f34cb733cf6ed",
            "CurrentState": {
                "Code": 32,
                "Name": "shutting-down"
            },
            "PreviousState": {
                "Code": 16,
                "Name": "running"
            }
        }
    ]
}
teardown complete
Phase G1 done. Log: /home/seanorourke/boson/infra/native-aws/state/run-bd2-pinning-20260707-212243.log
