========== Boson BD2 worker sweep (D0) ==========
launched bench=i-02a1a21962aabd655 (c6i.large)
launched nats-0=i-02606e2e4db177e18 (t3.medium)
manifest=/home/seanorourke/boson/infra/native-aws/manifests/boson-nats-fleet-1.json fleet_size=1 hardware=aws-c6i-large
>>> docker on bench (34.218.44.165)
Warning: Permanently added '34.218.44.165' (ED25519) to the list of known hosts.
Waiting for process with pid 1761 to finish.
Amazon Linux 2023 Kernel Livepatch repository   511 kB/s |  55 kB     00:00    
Dependencies resolved.
================================================================================
 Package                  Arch     Version                  Repository     Size
================================================================================
Installing:
 docker                   x86_64   25.0.16-1.amzn2023.0.2   amazonlinux    46 M
Installing dependencies:
 container-selinux        noarch   4:2.245.0-1.amzn2023     amazonlinux    58 k
 containerd               x86_64   2.2.4-1.amzn2023.0.3     amazonlinux    24 M
 iptables-libs            x86_64   1.8.8-3.amzn2023.0.2     amazonlinux   401 k
 iptables-nft             x86_64   1.8.8-3.amzn2023.0.2     amazonlinux   183 k
 libcgroup                x86_64   3.0-1.amzn2023.0.1       amazonlinux    75 k
 libnetfilter_conntrack   x86_64   1.0.8-2.amzn2023.0.2     amazonlinux    58 k
 libnfnetlink             x86_64   1.0.1-19.amzn2023.0.2    amazonlinux    30 k
 libnftnl                 x86_64   1.2.2-2.amzn2023.0.2     amazonlinux    84 k
 pigz                     x86_64   2.5-1.amzn2023.0.4       amazonlinux    83 k
 runc                     x86_64   1.3.5-1.amzn2023.0.2     amazonlinux   3.9 M

Transaction Summary
================================================================================
Install  11 Packages

Total download size: 76 M
Installed size: 284 M
Downloading Packages:
(1/11): container-selinux-2.245.0-1.amzn2023.no 1.8 MB/s |  58 kB     00:00    
(2/11): iptables-libs-1.8.8-3.amzn2023.0.2.x86_  14 MB/s | 401 kB     00:00    
(3/11): iptables-nft-1.8.8-3.amzn2023.0.2.x86_6 6.1 MB/s | 183 kB     00:00    
(4/11): libcgroup-3.0-1.amzn2023.0.1.x86_64.rpm 2.8 MB/s |  75 kB     00:00    
(5/11): libnetfilter_conntrack-1.0.8-2.amzn2023 2.2 MB/s |  58 kB     00:00    
(6/11): libnfnetlink-1.0.1-19.amzn2023.0.2.x86_ 1.4 MB/s |  30 kB     00:00    
(7/11): libnftnl-1.2.2-2.amzn2023.0.2.x86_64.rp 3.2 MB/s |  84 kB     00:00    
(8/11): pigz-2.5-1.amzn2023.0.4.x86_64.rpm      3.3 MB/s |  83 kB     00:00    
(9/11): runc-1.3.5-1.amzn2023.0.2.x86_64.rpm     77 MB/s | 3.9 MB     00:00    
(10/11): containerd-2.2.4-1.amzn2023.0.3.x86_64  79 MB/s |  24 MB     00:00    
(11/11): docker-25.0.16-1.amzn2023.0.2.x86_64.r  81 MB/s |  46 MB     00:00    
--------------------------------------------------------------------------------
Total                                           125 MB/s |  76 MB     00:00     
Running transaction check
Transaction check succeeded.
Running transaction test
Transaction test succeeded.
Running transaction
  Preparing        :                                                        1/1 
  Installing       : runc-1.3.5-1.amzn2023.0.2.x86_64                      1/11 
  Installing       : containerd-2.2.4-1.amzn2023.0.3.x86_64                2/11 
  Running scriptlet: containerd-2.2.4-1.amzn2023.0.3.x86_64                2/11 
  Installing       : pigz-2.5-1.amzn2023.0.4.x86_64                        3/11 
  Installing       : libnftnl-1.2.2-2.amzn2023.0.2.x86_64                  4/11 
  Installing       : libnfnetlink-1.0.1-19.amzn2023.0.2.x86_64             5/11 
  Installing       : libnetfilter_conntrack-1.0.8-2.amzn2023.0.2.x86_64    6/11 
  Installing       : iptables-libs-1.8.8-3.amzn2023.0.2.x86_64             7/11 
  Installing       : iptables-nft-1.8.8-3.amzn2023.0.2.x86_64              8/11 
  Running scriptlet: iptables-nft-1.8.8-3.amzn2023.0.2.x86_64              8/11 
  Installing       : libcgroup-3.0-1.amzn2023.0.1.x86_64                   9/11 
  Running scriptlet: container-selinux-4:2.245.0-1.amzn2023.noarch        10/11 
  Installing       : container-selinux-4:2.245.0-1.amzn2023.noarch        10/11 
  Running scriptlet: container-selinux-4:2.245.0-1.amzn2023.noarch        10/11 
  Running scriptlet: docker-25.0.16-1.amzn2023.0.2.x86_64                 11/11 
  Installing       : docker-25.0.16-1.amzn2023.0.2.x86_64                 11/11 
  Running scriptlet: docker-25.0.16-1.amzn2023.0.2.x86_64                 11/11 
Created symlink /etc/systemd/system/sockets.target.wants/docker.socket → /usr/lib/systemd/system/docker.socket.

  Running scriptlet: container-selinux-4:2.245.0-1.amzn2023.noarch        11/11 
  Running scriptlet: docker-25.0.16-1.amzn2023.0.2.x86_64                 11/11 
  Verifying        : container-selinux-4:2.245.0-1.amzn2023.noarch         1/11 
  Verifying        : containerd-2.2.4-1.amzn2023.0.3.x86_64                2/11 
  Verifying        : docker-25.0.16-1.amzn2023.0.2.x86_64                  3/11 
  Verifying        : iptables-libs-1.8.8-3.amzn2023.0.2.x86_64             4/11 
  Verifying        : iptables-nft-1.8.8-3.amzn2023.0.2.x86_64              5/11 
  Verifying        : libcgroup-3.0-1.amzn2023.0.1.x86_64                   6/11 
  Verifying        : libnetfilter_conntrack-1.0.8-2.amzn2023.0.2.x86_64    7/11 
  Verifying        : libnfnetlink-1.0.1-19.amzn2023.0.2.x86_64             8/11 
  Verifying        : libnftnl-1.2.2-2.amzn2023.0.2.x86_64                  9/11 
  Verifying        : pigz-2.5-1.amzn2023.0.4.x86_64                       10/11 
  Verifying        : runc-1.3.5-1.amzn2023.0.2.x86_64                     11/11 

Installed:
  container-selinux-4:2.245.0-1.amzn2023.noarch                                 
  containerd-2.2.4-1.amzn2023.0.3.x86_64                                        
  docker-25.0.16-1.amzn2023.0.2.x86_64                                          
  iptables-libs-1.8.8-3.amzn2023.0.2.x86_64                                     
  iptables-nft-1.8.8-3.amzn2023.0.2.x86_64                                      
  libcgroup-3.0-1.amzn2023.0.1.x86_64                                           
  libnetfilter_conntrack-1.0.8-2.amzn2023.0.2.x86_64                            
  libnfnetlink-1.0.1-19.amzn2023.0.2.x86_64                                     
  libnftnl-1.2.2-2.amzn2023.0.2.x86_64                                          
  pigz-2.5-1.amzn2023.0.4.x86_64                                                
  runc-1.3.5-1.amzn2023.0.2.x86_64                                              

Complete!
Created symlink /etc/systemd/system/multi-user.target.wants/docker.service → /usr/lib/systemd/system/docker.service.
>>> docker + NATS on nats-0 (52.37.192.217 172.31.42.216)
Warning: Permanently added '52.37.192.217' (ED25519) to the list of known hosts.
Amazon Linux 2023 Kernel Livepatch repository   406 kB/s |  55 kB     00:00    
Dependencies resolved.
================================================================================
 Package                  Arch     Version                  Repository     Size
================================================================================
Installing:
 docker                   x86_64   25.0.16-1.amzn2023.0.2   amazonlinux    46 M
Installing dependencies:
 container-selinux        noarch   4:2.245.0-1.amzn2023     amazonlinux    58 k
 containerd               x86_64   2.2.4-1.amzn2023.0.3     amazonlinux    24 M
 iptables-libs            x86_64   1.8.8-3.amzn2023.0.2     amazonlinux   401 k
 iptables-nft             x86_64   1.8.8-3.amzn2023.0.2     amazonlinux   183 k
 libcgroup                x86_64   3.0-1.amzn2023.0.1       amazonlinux    75 k
 libnetfilter_conntrack   x86_64   1.0.8-2.amzn2023.0.2     amazonlinux    58 k
 libnfnetlink             x86_64   1.0.1-19.amzn2023.0.2    amazonlinux    30 k
 libnftnl                 x86_64   1.2.2-2.amzn2023.0.2     amazonlinux    84 k
 pigz                     x86_64   2.5-1.amzn2023.0.4       amazonlinux    83 k
 runc                     x86_64   1.3.5-1.amzn2023.0.2     amazonlinux   3.9 M

Transaction Summary
================================================================================
Install  11 Packages

Total download size: 76 M
Installed size: 284 M
Downloading Packages:
(1/11): container-selinux-2.245.0-1.amzn2023.no 1.5 MB/s |  58 kB     00:00    
(2/11): iptables-libs-1.8.8-3.amzn2023.0.2.x86_  11 MB/s | 401 kB     00:00    
(3/11): iptables-nft-1.8.8-3.amzn2023.0.2.x86_6 6.5 MB/s | 183 kB     00:00    
(4/11): libcgroup-3.0-1.amzn2023.0.1.x86_64.rpm 2.8 MB/s |  75 kB     00:00    
(5/11): libnetfilter_conntrack-1.0.8-2.amzn2023 2.2 MB/s |  58 kB     00:00    
(6/11): libnfnetlink-1.0.1-19.amzn2023.0.2.x86_ 1.0 MB/s |  30 kB     00:00    
(7/11): libnftnl-1.2.2-2.amzn2023.0.2.x86_64.rp 2.5 MB/s |  84 kB     00:00    
(8/11): pigz-2.5-1.amzn2023.0.4.x86_64.rpm      2.7 MB/s |  83 kB     00:00    
(9/11): containerd-2.2.4-1.amzn2023.0.3.x86_64.  66 MB/s |  24 MB     00:00    
(10/11): runc-1.3.5-1.amzn2023.0.2.x86_64.rpm    24 MB/s | 3.9 MB     00:00    
(11/11): docker-25.0.16-1.amzn2023.0.2.x86_64.r  66 MB/s |  46 MB     00:00    
--------------------------------------------------------------------------------
Total                                           101 MB/s |  76 MB     00:00     
Running transaction check
Transaction check succeeded.
Running transaction test
Transaction test succeeded.
Running transaction
  Preparing        :                                                        1/1 
  Installing       : runc-1.3.5-1.amzn2023.0.2.x86_64                      1/11 
  Installing       : containerd-2.2.4-1.amzn2023.0.3.x86_64                2/11 
  Running scriptlet: containerd-2.2.4-1.amzn2023.0.3.x86_64                2/11 
  Installing       : pigz-2.5-1.amzn2023.0.4.x86_64                        3/11 
  Installing       : libnftnl-1.2.2-2.amzn2023.0.2.x86_64                  4/11 
  Installing       : libnfnetlink-1.0.1-19.amzn2023.0.2.x86_64             5/11 
  Installing       : libnetfilter_conntrack-1.0.8-2.amzn2023.0.2.x86_64    6/11 
  Installing       : iptables-libs-1.8.8-3.amzn2023.0.2.x86_64             7/11 
  Installing       : iptables-nft-1.8.8-3.amzn2023.0.2.x86_64              8/11 
  Running scriptlet: iptables-nft-1.8.8-3.amzn2023.0.2.x86_64              8/11 
  Installing       : libcgroup-3.0-1.amzn2023.0.1.x86_64                   9/11 
  Running scriptlet: container-selinux-4:2.245.0-1.amzn2023.noarch        10/11 
  Installing       : container-selinux-4:2.245.0-1.amzn2023.noarch        10/11 
  Running scriptlet: container-selinux-4:2.245.0-1.amzn2023.noarch        10/11 
  Running scriptlet: docker-25.0.16-1.amzn2023.0.2.x86_64                 11/11 
  Installing       : docker-25.0.16-1.amzn2023.0.2.x86_64                 11/11 
  Running scriptlet: docker-25.0.16-1.amzn2023.0.2.x86_64                 11/11 
Created symlink /etc/systemd/system/sockets.target.wants/docker.socket → /usr/lib/systemd/system/docker.socket.

  Running scriptlet: container-selinux-4:2.245.0-1.amzn2023.noarch        11/11 
  Running scriptlet: docker-25.0.16-1.amzn2023.0.2.x86_64                 11/11 
  Verifying        : container-selinux-4:2.245.0-1.amzn2023.noarch         1/11 
  Verifying        : containerd-2.2.4-1.amzn2023.0.3.x86_64                2/11 
  Verifying        : docker-25.0.16-1.amzn2023.0.2.x86_64                  3/11 
  Verifying        : iptables-libs-1.8.8-3.amzn2023.0.2.x86_64             4/11 
  Verifying        : iptables-nft-1.8.8-3.amzn2023.0.2.x86_64              5/11 
  Verifying        : libcgroup-3.0-1.amzn2023.0.1.x86_64                   6/11 
  Verifying        : libnetfilter_conntrack-1.0.8-2.amzn2023.0.2.x86_64    7/11 
  Verifying        : libnfnetlink-1.0.1-19.amzn2023.0.2.x86_64             8/11 
  Verifying        : libnftnl-1.2.2-2.amzn2023.0.2.x86_64                  9/11 
  Verifying        : pigz-2.5-1.amzn2023.0.4.x86_64                       10/11 
  Verifying        : runc-1.3.5-1.amzn2023.0.2.x86_64                     11/11 

Installed:
  container-selinux-4:2.245.0-1.amzn2023.noarch                                 
  containerd-2.2.4-1.amzn2023.0.3.x86_64                                        
  docker-25.0.16-1.amzn2023.0.2.x86_64                                          
  iptables-libs-1.8.8-3.amzn2023.0.2.x86_64                                     
  iptables-nft-1.8.8-3.amzn2023.0.2.x86_64                                      
  libcgroup-3.0-1.amzn2023.0.1.x86_64                                           
  libnetfilter_conntrack-1.0.8-2.amzn2023.0.2.x86_64                            
  libnfnetlink-1.0.1-19.amzn2023.0.2.x86_64                                     
  libnftnl-1.2.2-2.amzn2023.0.2.x86_64                                          
  pigz-2.5-1.amzn2023.0.4.x86_64                                                
  runc-1.3.5-1.amzn2023.0.2.x86_64                                              

Complete!
Created symlink /etc/systemd/system/multi-user.target.wants/docker.service → /usr/lib/systemd/system/docker.service.
Warning: Permanently added '52.37.192.217' (ED25519) to the list of known hosts.
Warning: Permanently added '52.37.192.217' (ED25519) to the list of known hosts.
Warning: Permanently added '52.37.192.217' (ED25519) to the list of known hosts.
2.10-alpine: Pulling from library/nats
d49a2dee86fb: Pulling fs layer
08267b6ab21b: Pulling fs layer
252dbe15f747: Pulling fs layer
a9d9eb83cd84: Pulling fs layer
a9d9eb83cd84: Waiting
252dbe15f747: Verifying Checksum
252dbe15f747: Download complete
d49a2dee86fb: Verifying Checksum
d49a2dee86fb: Download complete
08267b6ab21b: Verifying Checksum
08267b6ab21b: Download complete
a9d9eb83cd84: Verifying Checksum
a9d9eb83cd84: Download complete
d49a2dee86fb: Pull complete
08267b6ab21b: Pull complete
252dbe15f747: Pull complete
a9d9eb83cd84: Pull complete
Digest: sha256:b83efabe3e7def1e0a4a31ec6e078999bb17c80363f881df35edc70fcb6bb927
Status: Downloaded newer image for nats:2.10-alpine
docker.io/library/nats:2.10-alpine
d3025383ebe8b23139957ba94d8f734c219ce9560b398a2e01cbbd898616624a
NATS JetStream listening on 172.31.42.216:4222
Warning: Permanently added '52.37.192.217' (ED25519) to the list of known hosts.
NATS ready on nats-0
fleet bootstrap complete
>>> cross-build boson-bench (one-shot docker)
building boson-bench in amazonlinux:2023 docker -> /home/seanorourke/boson/target/al2023/boson-bench
info: downloading installer
warn: It looks like you have an existing rustup settings file at:
warn: /opt/rustup/settings.toml
warn: Rustup will install the default toolchain as specified in the settings file,
warn: instead of the one inferred from the default host triple.
info: profile set to default
info: default host triple is x86_64-unknown-linux-gnu
info: syncing channel updates for stable-x86_64-unknown-linux-gnu
info: latest update on 2026-06-30 for version 1.96.1 (31fca3adb 2026-06-26)
info: downloading 6 components

info: default toolchain set to stable-x86_64-unknown-linux-gnu
  stable-x86_64-unknown-linux-gnu installed - rustc 1.96.1 (31fca3adb 2026-06-26)


Rust is installed now. Great!

To get started you need Cargo's bin directory (/opt/cargo/bin) in your PATH
environment variable. This has not been done automatically.

To configure your current shell, you need to source
the corresponding env file under /opt/cargo.

This is usually done by running one of the following (note the leading DOT):
. "/opt/cargo/env"            # For sh/bash/zsh/ash/dash/pdksh
source "/opt/cargo/env.fish"  # For fish
source "/opt/cargo/env.nu"  # For nushell
source "/opt/cargo/env.tcsh"  # For tcsh
. "/opt/cargo/env.ps1"        # For pwsh
source "/opt/cargo/env.xsh"   # For xonsh
CARGO_BUILD_JOBS=16
   Compiling boson-bench v0.1.5 (/work/boson-bench)
    Finished `release` profile [optimized] target(s) in 19.59s
Built /home/seanorourke/boson/target/al2023/boson-bench (4330422f082a0acc240e7c92f0300af650ce5b3e-3355063c)
>>> deploy binary to bench 34.218.44.165
Warning: Permanently added '34.218.44.165' (ED25519) to the list of known hosts.
Warning: Permanently added '34.218.44.165' (ED25519) to the list of known hosts.
Warning: Permanently added '34.218.44.165' (ED25519) to the list of known hosts.
Warning: Permanently added '34.218.44.165' (ED25519) to the list of known hosts.
deploy gate ok: bm-be1 bm-bd1 registered
deployed 4330422f082a0acc240e7c92f0300af650ce5b3e-3355063c to 34.218.44.165
>>> tier3-capacity nats phase=drain-worker bench=34.218.44.165 broker=172.31.42.216 url=nats://172.31.42.216:4222
Warning: Permanently added '34.218.44.165' (ED25519) to the list of known hosts.
Warning: Permanently added '34.218.44.165' (ED25519) to the list of known hosts.
Warning: Permanently added '34.218.44.165' (ED25519) to the list of known hosts.
Warning: Permanently added '34.218.44.165' (ED25519) to the list of known hosts.
Warning: Permanently added '34.218.44.165' (ED25519) to the list of known hosts.
Warning: Permanently added '34.218.44.165' (ED25519) to the list of known hosts.
Warning: Permanently added '34.218.44.165' (ED25519) to the list of known hosts.
started pid=27954
campaign started; polling (deadline 7200s)...
  state=running elapsed=5s
  state=running elapsed=30s
  state=running elapsed=55s
  state=running elapsed=78s
  state=running elapsed=103s
  state=done elapsed=129s
Warning: Permanently added '34.218.44.165' (ED25519) to the list of known hosts.
campaign complete
Fetching reports from bench (34.218.44.165)
  extracted 8 files from bench
Reports in /home/seanorourke/boson/profiling/boson-bench/reports (before=209 after=216)
Terminating boson-nats-fleet-1: i-02a1a21962aabd655 i-02606e2e4db177e18
{
    "TerminatingInstances": [
        {
            "InstanceId": "i-02606e2e4db177e18",
            "CurrentState": {
                "Code": 32,
                "Name": "shutting-down"
            },
            "PreviousState": {
                "Code": 16,
                "Name": "running"
            }
        },
        {
            "InstanceId": "i-02a1a21962aabd655",
            "CurrentState": {
                "Code": 32,
                "Name": "shutting-down"
            },
            "PreviousState": {
                "Code": 16,
                "Name": "running"
            }
        }
    ]
}
teardown complete
   Compiling boson-bench v0.1.5 (/home/seanorourke/boson/boson-bench)
    Finished `release` profile [optimized] target(s) in 20.47s
     Running `/tmp/boson-target/release/boson-bench bd2-worker-curve --hardware aws-c6i-large --backend nats --reports-dir profiling/boson-bench/reports`
wrote profiling/boson-bench/reports/scaling-curve-bd2-workers-aws-c6i-large-nats.json
# Boson BM-BD2 worker scaling curve

- hardware: `aws-c6i-large`
- backend: `nats`
- peak drain: **4523 ops/s** at W=64
- saturation (est.): W≥16
- verdict: `worker_saturated_at_w=16`

| W (workers) | drain ops/s | ops/worker | vs W=1 | K | report |
| --- | --- | --- | --- | --- | --- |
| 1 | 295 | 295 | 1.00× | 1 | bm-bd2-w1-nats-isolated-lab-off-aws-c6i-large.json |
| 2 | 735 | 368 | 2.49× | 1 | bm-bd2-w2-nats-isolated-lab-off-aws-c6i-large.json |
| 4 | 1546 | 386 | 5.24× | 1 | bm-bd2-w4-nats-isolated-lab-off-aws-c6i-large.json |
| 8 | 1908 | 238 | 6.46× | 1 | bm-bd2-w8-nats-isolated-lab-off-aws-c6i-large.json |
| 10 | 2846 | 285 | 9.64× | 1 | bm-bd2-w10-nats-isolated-lab-off-aws-c6i-large.json |
| 16 | 3387 | 212 | 11.47× | 1 | bm-bd2-w16-nats-isolated-lab-off-aws-c6i-large.json |
| 32 | 2451 | 77 | 8.30× | 1 | bm-bd2-w32-nats-isolated-lab-off-aws-c6i-large.json |
| 64 | 4523 | 71 | 15.32× | 1 | bm-bd2-w64-nats-isolated-lab-off-aws-c6i-large.json |

saturation_worker_count: marginal gain <5% when doubling W.
BD2 worker sweep done. Log: /home/seanorourke/boson/infra/native-aws/state/run-bd2-worker-sweep-aws-20260706-231330.log
