========== Tier 3 redis on aws-t3-medium ==========
{
    "Return": true,
    "SecurityGroupRules": [
        {
            "SecurityGroupRuleId": "sgr-0f0cd3e5666c38921",
            "GroupId": "sg-0d38e625df998a7af",
            "GroupOwnerId": "331520980087",
            "IsEgress": false,
            "IpProtocol": "tcp",
            "FromPort": 6379,
            "ToPort": 6379,
            "ReferencedGroupInfo": {
                "GroupId": "sg-0d38e625df998a7af",
                "UserId": "331520980087"
            },
            "SecurityGroupRuleArn": "arn:aws:ec2:us-west-2:331520980087:security-group-rule/sgr-0f0cd3e5666c38921"
        }
    ]
}
