========== Tier 3 redis on aws-t3-medium ==========
launched bench=i-0e7dd55f6c7185fa6 redis=i-04d53b74502cf297c
bench 44.252.113.126 (172.31.46.191) redis 34.220.79.65 (172.31.35.234)
manifest=/home/seanorourke/boson/infra/native-aws/manifests/boson-redis-1.json
>>> docker on bench (44.252.113.126)
Warning: Permanently added '44.252.113.126' (ED25519) to the list of known hosts.
Waiting for process with pid 1765 to finish.
Amazon Linux 2023 Kernel Livepatch repository   449 kB/s |  55 kB     00:00    
Dependencies resolved.
================================================================================
 Package                  Arch     Version                  Repository     Size
================================================================================
Installing:
 docker                   x86_64   25.0.16-1.amzn2023.0.2   amazonlinux    46 M
Installing dependencies:
 container-selinux        noarch   4:2.245.0-1.amzn2023     amazonlinux    58 k
 containerd               x86_64   2.2.4-1.amzn2023.0.3     amazonlinux    24 M
 iptables-libs            x86_64   1.8.8-3.amzn2023.0.2     amazonlinux   401 k
 iptables-nft             x86_64   1.8.8-3.amzn2023.0.2     amazonlinux   183 k
 libcgroup                x86_64   3.0-1.amzn2023.0.1       amazonlinux    75 k
 libnetfilter_conntrack   x86_64   1.0.8-2.amzn2023.0.2     amazonlinux    58 k
 libnfnetlink             x86_64   1.0.1-19.amzn2023.0.2    amazonlinux    30 k
 libnftnl                 x86_64   1.2.2-2.amzn2023.0.2     amazonlinux    84 k
 pigz                     x86_64   2.5-1.amzn2023.0.4       amazonlinux    83 k
 runc                     x86_64   1.3.5-1.amzn2023.0.2     amazonlinux   3.9 M

Transaction Summary
================================================================================
Install  11 Packages

Total download size: 76 M
Installed size: 284 M
Downloading Packages:
(1/11): container-selinux-2.245.0-1.amzn2023.no 1.5 MB/s |  58 kB     00:00    
(2/11): iptables-libs-1.8.8-3.amzn2023.0.2.x86_  16 MB/s | 401 kB     00:00    
(3/11): iptables-nft-1.8.8-3.amzn2023.0.2.x86_6 6.7 MB/s | 183 kB     00:00    
(4/11): libcgroup-3.0-1.amzn2023.0.1.x86_64.rpm 2.6 MB/s |  75 kB     00:00    
(5/11): libnetfilter_conntrack-1.0.8-2.amzn2023 2.3 MB/s |  58 kB     00:00    
(6/11): libnfnetlink-1.0.1-19.amzn2023.0.2.x86_ 1.1 MB/s |  30 kB     00:00    
(7/11): libnftnl-1.2.2-2.amzn2023.0.2.x86_64.rp 2.3 MB/s |  84 kB     00:00    
(8/11): pigz-2.5-1.amzn2023.0.4.x86_64.rpm      3.3 MB/s |  83 kB     00:00    
(9/11): containerd-2.2.4-1.amzn2023.0.3.x86_64.  66 MB/s |  24 MB     00:00    
(10/11): runc-1.3.5-1.amzn2023.0.2.x86_64.rpm    25 MB/s | 3.9 MB     00:00    
(11/11): docker-25.0.16-1.amzn2023.0.2.x86_64.r  68 MB/s |  46 MB     00:00    
--------------------------------------------------------------------------------
Total                                           104 MB/s |  76 MB     00:00     
Running transaction check
Transaction check succeeded.
Running transaction test
Transaction test succeeded.
Running transaction
  Preparing        :                                                        1/1 
  Installing       : runc-1.3.5-1.amzn2023.0.2.x86_64                      1/11 
  Installing       : containerd-2.2.4-1.amzn2023.0.3.x86_64                2/11 
  Running scriptlet: containerd-2.2.4-1.amzn2023.0.3.x86_64                2/11 
  Installing       : pigz-2.5-1.amzn2023.0.4.x86_64                        3/11 
  Installing       : libnftnl-1.2.2-2.amzn2023.0.2.x86_64                  4/11 
  Installing       : libnfnetlink-1.0.1-19.amzn2023.0.2.x86_64             5/11 
  Installing       : libnetfilter_conntrack-1.0.8-2.amzn2023.0.2.x86_64    6/11 
  Installing       : iptables-libs-1.8.8-3.amzn2023.0.2.x86_64             7/11 
  Installing       : iptables-nft-1.8.8-3.amzn2023.0.2.x86_64              8/11 
  Running scriptlet: iptables-nft-1.8.8-3.amzn2023.0.2.x86_64              8/11 
  Installing       : libcgroup-3.0-1.amzn2023.0.1.x86_64                   9/11 
  Running scriptlet: container-selinux-4:2.245.0-1.amzn2023.noarch        10/11 
  Installing       : container-selinux-4:2.245.0-1.amzn2023.noarch        10/11 
  Running scriptlet: container-selinux-4:2.245.0-1.amzn2023.noarch        10/11 
  Running scriptlet: docker-25.0.16-1.amzn2023.0.2.x86_64                 11/11 
  Installing       : docker-25.0.16-1.amzn2023.0.2.x86_64                 11/11 
  Running scriptlet: docker-25.0.16-1.amzn2023.0.2.x86_64                 11/11 
Created symlink /etc/systemd/system/sockets.target.wants/docker.socket → /usr/lib/systemd/system/docker.socket.

  Running scriptlet: container-selinux-4:2.245.0-1.amzn2023.noarch        11/11 
  Running scriptlet: docker-25.0.16-1.amzn2023.0.2.x86_64                 11/11 
  Verifying        : container-selinux-4:2.245.0-1.amzn2023.noarch         1/11 
  Verifying        : containerd-2.2.4-1.amzn2023.0.3.x86_64                2/11 
  Verifying        : docker-25.0.16-1.amzn2023.0.2.x86_64                  3/11 
  Verifying        : iptables-libs-1.8.8-3.amzn2023.0.2.x86_64             4/11 
  Verifying        : iptables-nft-1.8.8-3.amzn2023.0.2.x86_64              5/11 
  Verifying        : libcgroup-3.0-1.amzn2023.0.1.x86_64                   6/11 
  Verifying        : libnetfilter_conntrack-1.0.8-2.amzn2023.0.2.x86_64    7/11 
  Verifying        : libnfnetlink-1.0.1-19.amzn2023.0.2.x86_64             8/11 
  Verifying        : libnftnl-1.2.2-2.amzn2023.0.2.x86_64                  9/11 
  Verifying        : pigz-2.5-1.amzn2023.0.4.x86_64                       10/11 
  Verifying        : runc-1.3.5-1.amzn2023.0.2.x86_64                     11/11 

Installed:
  container-selinux-4:2.245.0-1.amzn2023.noarch                                 
  containerd-2.2.4-1.amzn2023.0.3.x86_64                                        
  docker-25.0.16-1.amzn2023.0.2.x86_64                                          
  iptables-libs-1.8.8-3.amzn2023.0.2.x86_64                                     
  iptables-nft-1.8.8-3.amzn2023.0.2.x86_64                                      
  libcgroup-3.0-1.amzn2023.0.1.x86_64                                           
  libnetfilter_conntrack-1.0.8-2.amzn2023.0.2.x86_64                            
  libnfnetlink-1.0.1-19.amzn2023.0.2.x86_64                                     
  libnftnl-1.2.2-2.amzn2023.0.2.x86_64                                          
  pigz-2.5-1.amzn2023.0.4.x86_64                                                
  runc-1.3.5-1.amzn2023.0.2.x86_64                                              

Complete!
Created symlink /etc/systemd/system/multi-user.target.wants/docker.service → /usr/lib/systemd/system/docker.service.
>>> docker on redis (34.220.79.65)
Warning: Permanently added '34.220.79.65' (ED25519) to the list of known hosts.
Amazon Linux 2023 Kernel Livepatch repository   450 kB/s |  55 kB     00:00    
Dependencies resolved.
================================================================================
 Package                  Arch     Version                  Repository     Size
================================================================================
Installing:
 docker                   x86_64   25.0.16-1.amzn2023.0.2   amazonlinux    46 M
Installing dependencies:
 container-selinux        noarch   4:2.245.0-1.amzn2023     amazonlinux    58 k
 containerd               x86_64   2.2.4-1.amzn2023.0.3     amazonlinux    24 M
 iptables-libs            x86_64   1.8.8-3.amzn2023.0.2     amazonlinux   401 k
 iptables-nft             x86_64   1.8.8-3.amzn2023.0.2     amazonlinux   183 k
 libcgroup                x86_64   3.0-1.amzn2023.0.1       amazonlinux    75 k
 libnetfilter_conntrack   x86_64   1.0.8-2.amzn2023.0.2     amazonlinux    58 k
 libnfnetlink             x86_64   1.0.1-19.amzn2023.0.2    amazonlinux    30 k
 libnftnl                 x86_64   1.2.2-2.amzn2023.0.2     amazonlinux    84 k
 pigz                     x86_64   2.5-1.amzn2023.0.4       amazonlinux    83 k
 runc                     x86_64   1.3.5-1.amzn2023.0.2     amazonlinux   3.9 M

Transaction Summary
================================================================================
Install  11 Packages

Total download size: 76 M
Installed size: 284 M
Downloading Packages:
(1/11): container-selinux-2.245.0-1.amzn2023.no 1.5 MB/s |  58 kB     00:00    
(2/11): iptables-libs-1.8.8-3.amzn2023.0.2.x86_ 9.2 MB/s | 401 kB     00:00    
(3/11): iptables-nft-1.8.8-3.amzn2023.0.2.x86_6 5.0 MB/s | 183 kB     00:00    
(4/11): libcgroup-3.0-1.amzn2023.0.1.x86_64.rpm 2.7 MB/s |  75 kB     00:00    
(5/11): libnetfilter_conntrack-1.0.8-2.amzn2023 2.2 MB/s |  58 kB     00:00    
(6/11): libnfnetlink-1.0.1-19.amzn2023.0.2.x86_ 945 kB/s |  30 kB     00:00    
(7/11): libnftnl-1.2.2-2.amzn2023.0.2.x86_64.rp 3.3 MB/s |  84 kB     00:00    
(8/11): pigz-2.5-1.amzn2023.0.4.x86_64.rpm      3.4 MB/s |  83 kB     00:00    
(9/11): containerd-2.2.4-1.amzn2023.0.3.x86_64.  65 MB/s |  24 MB     00:00    
(10/11): runc-1.3.5-1.amzn2023.0.2.x86_64.rpm    24 MB/s | 3.9 MB     00:00    
(11/11): docker-25.0.16-1.amzn2023.0.2.x86_64.r  66 MB/s |  46 MB     00:00    
--------------------------------------------------------------------------------
Total                                           103 MB/s |  76 MB     00:00     
Running transaction check
Transaction check succeeded.
Running transaction test
Transaction test succeeded.
Running transaction
  Preparing        :                                                        1/1 
  Installing       : runc-1.3.5-1.amzn2023.0.2.x86_64                      1/11 
  Installing       : containerd-2.2.4-1.amzn2023.0.3.x86_64                2/11 
  Running scriptlet: containerd-2.2.4-1.amzn2023.0.3.x86_64                2/11 
  Installing       : pigz-2.5-1.amzn2023.0.4.x86_64                        3/11 
  Installing       : libnftnl-1.2.2-2.amzn2023.0.2.x86_64                  4/11 
  Installing       : libnfnetlink-1.0.1-19.amzn2023.0.2.x86_64             5/11 
  Installing       : libnetfilter_conntrack-1.0.8-2.amzn2023.0.2.x86_64    6/11 
  Installing       : iptables-libs-1.8.8-3.amzn2023.0.2.x86_64             7/11 
  Installing       : iptables-nft-1.8.8-3.amzn2023.0.2.x86_64              8/11 
  Running scriptlet: iptables-nft-1.8.8-3.amzn2023.0.2.x86_64              8/11 
  Installing       : libcgroup-3.0-1.amzn2023.0.1.x86_64                   9/11 
  Running scriptlet: container-selinux-4:2.245.0-1.amzn2023.noarch        10/11 
  Installing       : container-selinux-4:2.245.0-1.amzn2023.noarch        10/11 
  Running scriptlet: container-selinux-4:2.245.0-1.amzn2023.noarch        10/11 
  Running scriptlet: docker-25.0.16-1.amzn2023.0.2.x86_64                 11/11 
  Installing       : docker-25.0.16-1.amzn2023.0.2.x86_64                 11/11 
  Running scriptlet: docker-25.0.16-1.amzn2023.0.2.x86_64                 11/11 
Created symlink /etc/systemd/system/sockets.target.wants/docker.socket → /usr/lib/systemd/system/docker.socket.

  Running scriptlet: container-selinux-4:2.245.0-1.amzn2023.noarch        11/11 
  Running scriptlet: docker-25.0.16-1.amzn2023.0.2.x86_64                 11/11 
  Verifying        : container-selinux-4:2.245.0-1.amzn2023.noarch         1/11 
  Verifying        : containerd-2.2.4-1.amzn2023.0.3.x86_64                2/11 
  Verifying        : docker-25.0.16-1.amzn2023.0.2.x86_64                  3/11 
  Verifying        : iptables-libs-1.8.8-3.amzn2023.0.2.x86_64             4/11 
  Verifying        : iptables-nft-1.8.8-3.amzn2023.0.2.x86_64              5/11 
  Verifying        : libcgroup-3.0-1.amzn2023.0.1.x86_64                   6/11 
  Verifying        : libnetfilter_conntrack-1.0.8-2.amzn2023.0.2.x86_64    7/11 
  Verifying        : libnfnetlink-1.0.1-19.amzn2023.0.2.x86_64             8/11 
  Verifying        : libnftnl-1.2.2-2.amzn2023.0.2.x86_64                  9/11 
  Verifying        : pigz-2.5-1.amzn2023.0.4.x86_64                       10/11 
  Verifying        : runc-1.3.5-1.amzn2023.0.2.x86_64                     11/11 

Installed:
  container-selinux-4:2.245.0-1.amzn2023.noarch                                 
  containerd-2.2.4-1.amzn2023.0.3.x86_64                                        
  docker-25.0.16-1.amzn2023.0.2.x86_64                                          
  iptables-libs-1.8.8-3.amzn2023.0.2.x86_64                                     
  iptables-nft-1.8.8-3.amzn2023.0.2.x86_64                                      
  libcgroup-3.0-1.amzn2023.0.1.x86_64                                           
  libnetfilter_conntrack-1.0.8-2.amzn2023.0.2.x86_64                            
  libnfnetlink-1.0.1-19.amzn2023.0.2.x86_64                                     
  libnftnl-1.2.2-2.amzn2023.0.2.x86_64                                          
  pigz-2.5-1.amzn2023.0.4.x86_64                                                
  runc-1.3.5-1.amzn2023.0.2.x86_64                                              

Complete!
Created symlink /etc/systemd/system/multi-user.target.wants/docker.service → /usr/lib/systemd/system/docker.service.
Warning: Permanently added '34.220.79.65' (ED25519) to the list of known hosts.
Warning: Permanently added '34.220.79.65' (ED25519) to the list of known hosts.
Warning: Permanently added '34.220.79.65' (ED25519) to the list of known hosts.
7-alpine: Pulling from library/redis
897d797d2723: Pulling fs layer
c14c7509f545: Pulling fs layer
f546396032e0: Pulling fs layer
a300455a02bb: Pulling fs layer
941ebb020cf0: Pulling fs layer
4f4fb700ef54: Pulling fs layer
677c7c5aa821: Pulling fs layer
a300455a02bb: Waiting
941ebb020cf0: Waiting
4f4fb700ef54: Waiting
677c7c5aa821: Waiting
c14c7509f545: Verifying Checksum
c14c7509f545: Download complete
f546396032e0: Verifying Checksum
f546396032e0: Download complete
897d797d2723: Verifying Checksum
897d797d2723: Download complete
941ebb020cf0: Verifying Checksum
941ebb020cf0: Download complete
4f4fb700ef54: Verifying Checksum
4f4fb700ef54: Download complete
a300455a02bb: Verifying Checksum
a300455a02bb: Download complete
897d797d2723: Pull complete
c14c7509f545: Pull complete
677c7c5aa821: Verifying Checksum
677c7c5aa821: Download complete
f546396032e0: Pull complete
a300455a02bb: Pull complete
941ebb020cf0: Pull complete
4f4fb700ef54: Pull complete
677c7c5aa821: Pull complete
Digest: sha256:6ab0b6e7381779332f97b8ca76193e45b0756f38d4c0dcda72dbb3c32061ab99
Status: Downloaded newer image for redis:7-alpine
docker.io/library/redis:7-alpine
eda6963df2a52a4a34625c4ea79fd9eaac4220d25f48cc4a1668417125727990
Redis listening on 172.31.35.234:6379
waiting for Redis on 172.31.35.234:6379 ...
Redis ready
>>> cross-build boson-bench (one-shot docker)
building boson-bench in amazonlinux:2023 docker -> /home/seanorourke/boson/target/al2023/boson-bench
Unable to find image 'amazonlinux:2023' locally
2023: Pulling from library/amazonlinux
43a4ccfcda54: Pulling fs layer
43a4ccfcda54: Verifying Checksum
43a4ccfcda54: Download complete
43a4ccfcda54: Pull complete
Digest: sha256:32f61af6a24e178e8142fb7b0079f4af3a5cda6816cd53d2c611a921ef029ca0
Status: Downloaded newer image for amazonlinux:2023
info: downloading installer
warn: It looks like you have an existing rustup settings file at:
warn: /opt/rustup/settings.toml
warn: Rustup will install the default toolchain as specified in the settings file,
warn: instead of the one inferred from the default host triple.
info: profile set to default
info: default host triple is x86_64-unknown-linux-gnu
info: syncing channel updates for stable-x86_64-unknown-linux-gnu
info: latest update on 2026-06-30 for version 1.96.1 (31fca3adb 2026-06-26)
info: downloading 6 components
info: default toolchain set to stable-x86_64-unknown-linux-gnu

  stable-x86_64-unknown-linux-gnu installed - rustc 1.96.1 (31fca3adb 2026-06-26)


Rust is installed now. Great!

To get started you need Cargo's bin directory (/opt/cargo/bin) in your PATH
environment variable. This has not been done automatically.

To configure your current shell, you need to source
the corresponding env file under /opt/cargo.

This is usually done by running one of the following (note the leading DOT):
. "/opt/cargo/env"            # For sh/bash/zsh/ash/dash/pdksh
source "/opt/cargo/env.fish"  # For fish
source "/opt/cargo/env.nu"  # For nushell
source "/opt/cargo/env.tcsh"  # For tcsh
. "/opt/cargo/env.ps1"        # For pwsh
source "/opt/cargo/env.xsh"   # For xonsh
CARGO_BUILD_JOBS=16
   Compiling boson-runtime v0.1.5 (/work/boson-runtime)
   Compiling boson-backend-redis v0.1.5 (/work/boson-backend-redis)
   Compiling boson-backend-scylla v0.1.5 (/work/boson-backend-scylla)
   Compiling boson-axum v0.1.5 (/work/boson-axum)
   Compiling boson-testkit v0.1.5 (/work/boson-testkit)
   Compiling boson-bench v0.1.5 (/work/boson-bench)
    Finished `release` profile [optimized] target(s) in 34.80s
Built /home/seanorourke/boson/target/al2023/boson-bench (789c412ea4df9157042ee8dbbbf612a3edef9d66-7a2b03be)
>>> deploy binary to bench 44.252.113.126
Warning: Permanently added '44.252.113.126' (ED25519) to the list of known hosts.
Warning: Permanently added '44.252.113.126' (ED25519) to the list of known hosts.
Warning: Permanently added '44.252.113.126' (ED25519) to the list of known hosts.
Warning: Permanently added '44.252.113.126' (ED25519) to the list of known hosts.
deploy gate ok: bm-be1 bm-bd1 registered
deployed 789c412ea4df9157042ee8dbbbf612a3edef9d66-7a2b03be to 44.252.113.126
>>> tier3-capacity redis bench=44.252.113.126 broker=172.31.35.234 url=redis://172.31.35.234:6379
Warning: Permanently added '44.252.113.126' (ED25519) to the list of known hosts.
Warning: Permanently added '44.252.113.126' (ED25519) to the list of known hosts.
Warning: Permanently added '44.252.113.126' (ED25519) to the list of known hosts.
Warning: Permanently added '44.252.113.126' (ED25519) to the list of known hosts.
Warning: Permanently added '44.252.113.126' (ED25519) to the list of known hosts.
Warning: Permanently added '44.252.113.126' (ED25519) to the list of known hosts.
Warning: Permanently added '44.252.113.126' (ED25519) to the list of known hosts.
started pid=27958
campaign started; polling (deadline 7200s)...
  state=running elapsed=6s
  state=running elapsed=29s
  state=running elapsed=53s
  state=running elapsed=76s
  state=running elapsed=100s
  state=running elapsed=123s
  state=running elapsed=146s
  state=running elapsed=170s
  state=running elapsed=193s
  state=running elapsed=216s
  state=running elapsed=241s
  state=running elapsed=264s
  state=running elapsed=287s
  state=running elapsed=311s
  state=running elapsed=334s
  state=running elapsed=357s
  state=running elapsed=381s
  state=running elapsed=404s
  state=running elapsed=428s
  state=running elapsed=451s
  state=running elapsed=476s
  state=running elapsed=499s
  state=running elapsed=522s
  state=running elapsed=546s
  state=running elapsed=569s
  state=running elapsed=592s
  state=running elapsed=617s
  state=running elapsed=640s
  state=running elapsed=663s
  state=running elapsed=687s
  state=running elapsed=710s
  state=running elapsed=733s
  state=running elapsed=757s
  state=running elapsed=780s
  state=running elapsed=803s
  state=running elapsed=827s
  state=running elapsed=850s
  state=running elapsed=873s
  state=running elapsed=897s
  state=running elapsed=920s
  state=running elapsed=944s
  state=running elapsed=967s
  state=running elapsed=991s
  state=running elapsed=1014s
  state=running elapsed=1037s
  state=running elapsed=1061s
  state=running elapsed=1084s
  state=running elapsed=1107s
  state=running elapsed=1131s
  state=running elapsed=1154s
  state=running elapsed=1177s
  state=running elapsed=1201s
  state=running elapsed=1224s
  state=running elapsed=1247s
  state=running elapsed=1271s
  state=running elapsed=1294s
  state=running elapsed=1317s
  state=running elapsed=1340s
  state=running elapsed=1364s
  state=running elapsed=1387s
  state=running elapsed=1411s
  state=running elapsed=1434s
  state=running elapsed=1457s
  state=running elapsed=1481s
