
running 11 tests
test contract_enqueue_inserts_and_lists ... ok
test contract_expired_lease_pairs ... ok
test contract_extend_lease_refreshes_ttl ... ok
test contract_global_router_resolves ... ok
test contract_idempotency_reuses_nonterminal ... FAILED
test contract_lease_contention ... FAILED
test contract_max_enqueue_per_second ... ok
test contract_max_in_flight_rate_limit ... ok
test contract_pool_priority_order ... FAILED
test contract_run_lifecycle ... ok
test contract_try_claim_atomic ... FAILED

failures:

---- contract_idempotency_reuses_nonterminal stdout ----

thread 'contract_idempotency_reuses_nonterminal' (2709) panicked at boson-testkit/src/backend_contract.rs:85:5:
assertion `left == right` failed
  left: InsertedNew
 right: ReusedIdempotent
note: run with `RUST_BACKTRACE=1` environment variable to display a backtrace

---- contract_lease_contention stdout ----

thread 'contract_lease_contention' (2711) panicked at boson-testkit/src/backend_contract.rs:197:5:
assertion failed: b.try_claim_run_lease(job_id, "worker-b", 120).await.unwrap().is_none()

---- contract_pool_priority_order stdout ----

thread 'contract_pool_priority_order' (2717) panicked at boson-testkit/src/backend_contract.rs:114:5:
assertion `left == right` failed
  left: 0
 right: 2

---- contract_try_claim_atomic stdout ----

thread 'contract_try_claim_atomic' (2721) panicked at boson-testkit/src/backend_contract.rs:99:5:
assertion failed: b.try_claim_job(&job_id).await.unwrap().is_none()


failures:
    contract_idempotency_reuses_nonterminal
    contract_lease_contention
    contract_pool_priority_order
    contract_try_claim_atomic

test result: FAILED. 7 passed; 4 failed; 0 ignored; 0 measured; 0 filtered out; finished in 22.36s

