contract binary: target-boson-scylla/debug/deps/scylla_queue_backend-3d8ca23021b5c438
scenarios binary: target-boson-scylla/debug/deps/scenarios_full-82a97e635f85d1ec
=== contract tests ===

running 11 tests
test contract_enqueue_inserts_and_lists ... ok
test contract_expired_lease_pairs ... ok
test contract_extend_lease_refreshes_ttl ... ok
test contract_global_router_resolves ... ok
test contract_idempotency_reuses_nonterminal ... FAILED
test contract_lease_contention ... FAILED
test contract_max_enqueue_per_second ... ok
test contract_max_in_flight_rate_limit ... ok
test contract_pool_priority_order ... FAILED
test contract_run_lifecycle ... ok
test contract_try_claim_atomic ... FAILED

failures:

---- contract_idempotency_reuses_nonterminal stdout ----

thread 'contract_idempotency_reuses_nonterminal' (2645) panicked at boson-testkit/src/backend_contract.rs:85:5:
assertion `left == right` failed
  left: InsertedNew
 right: ReusedIdempotent
stack backtrace:
   0: __rustc::rust_begin_unwind
             at /rustc/31fca3adb283cc9dfd56b49cdee9a96eb9c96ffd/library/std/src/panicking.rs:689:5
   1: core::panicking::panic_fmt
             at /rustc/31fca3adb283cc9dfd56b49cdee9a96eb9c96ffd/library/core/src/panicking.rs:80:14
   2: core::panicking::assert_failed_inner
             at /rustc/31fca3adb283cc9dfd56b49cdee9a96eb9c96ffd/library/core/src/panicking.rs:439:17
   3: core::panicking::assert_failed
             at /rustc/31fca3adb283cc9dfd56b49cdee9a96eb9c96ffd/library/core/src/panicking.rs:394:5
   4: boson_testkit::backend_contract::idempotency_reuses_nonterminal::{{closure}}
             at ./boson-testkit/src/backend_contract.rs:85:5
   5: scylla_queue_backend::contract_idempotency_reuses_nonterminal::{{closure}}
             at ./boson-backend-scylla/tests/scylla_queue_backend.rs:31:1
   6: <core::pin::Pin<P> as core::future::future::Future>::poll
             at /rustc/31fca3adb283cc9dfd56b49cdee9a96eb9c96ffd/library/core/src/future/future.rs:133:9
   7: <core::pin::Pin<P> as core::future::future::Future>::poll
             at /rustc/31fca3adb283cc9dfd56b49cdee9a96eb9c96ffd/library/core/src/future/future.rs:133:9
   8: tokio::runtime::scheduler::current_thread::CoreGuard::block_on::{{closure}}::{{closure}}::{{closure}}
             at /home/ec2-user/.cargo/registry/src/index.crates.io-1949cf8c6b5b557f/tokio-1.52.3/src/runtime/scheduler/current_thread/mod.rs:778:70
   9: tokio::task::coop::with_budget
             at /home/ec2-user/.cargo/registry/src/index.crates.io-1949cf8c6b5b557f/tokio-1.52.3/src/task/coop/mod.rs:167:5
  10: tokio::task::coop::budget
             at /home/ec2-user/.cargo/registry/src/index.crates.io-1949cf8c6b5b557f/tokio-1.52.3/src/task/coop/mod.rs:133:5
  11: tokio::runtime::scheduler::current_thread::CoreGuard::block_on::{{closure}}::{{closure}}
             at /home/ec2-user/.cargo/registry/src/index.crates.io-1949cf8c6b5b557f/tokio-1.52.3/src/runtime/scheduler/current_thread/mod.rs:778:25
  12: tokio::runtime::scheduler::current_thread::Context::enter
             at /home/ec2-user/.cargo/registry/src/index.crates.io-1949cf8c6b5b557f/tokio-1.52.3/src/runtime/scheduler/current_thread/mod.rs:451:19
  13: tokio::runtime::scheduler::current_thread::CoreGuard::block_on::{{closure}}
             at /home/ec2-user/.cargo/registry/src/index.crates.io-1949cf8c6b5b557f/tokio-1.52.3/src/runtime/scheduler/current_thread/mod.rs:777:44
  14: tokio::runtime::scheduler::current_thread::CoreGuard::enter::{{closure}}
             at /home/ec2-user/.cargo/registry/src/index.crates.io-1949cf8c6b5b557f/tokio-1.52.3/src/runtime/scheduler/current_thread/mod.rs:865:68
  15: tokio::runtime::context::scoped::Scoped<T>::set
             at /home/ec2-user/.cargo/registry/src/index.crates.io-1949cf8c6b5b557f/tokio-1.52.3/src/runtime/context/scoped.rs:40:9
  16: tokio::runtime::context::set_scheduler::{{closure}}
             at /home/ec2-user/.cargo/registry/src/index.crates.io-1949cf8c6b5b557f/tokio-1.52.3/src/runtime/context.rs:181:38
  17: std::thread::local::LocalKey<T>::try_with
             at /rustc/31fca3adb283cc9dfd56b49cdee9a96eb9c96ffd/library/std/src/thread/local.rs:462:12
  18: std::thread::local::LocalKey<T>::with
             at /rustc/31fca3adb283cc9dfd56b49cdee9a96eb9c96ffd/library/std/src/thread/local.rs:426:20
  19: tokio::runtime::context::set_scheduler
             at /home/ec2-user/.cargo/registry/src/index.crates.io-1949cf8c6b5b557f/tokio-1.52.3/src/runtime/context.rs:181:17
  20: tokio::runtime::scheduler::current_thread::CoreGuard::enter
             at /home/ec2-user/.cargo/registry/src/index.crates.io-1949cf8c6b5b557f/tokio-1.52.3/src/runtime/scheduler/current_thread/mod.rs:865:27
  21: tokio::runtime::scheduler::current_thread::CoreGuard::block_on
             at /home/ec2-user/.cargo/registry/src/index.crates.io-1949cf8c6b5b557f/tokio-1.52.3/src/runtime/scheduler/current_thread/mod.rs:765:24
  22: tokio::runtime::scheduler::current_thread::CurrentThread::block_on::{{closure}}
             at /home/ec2-user/.cargo/registry/src/index.crates.io-1949cf8c6b5b557f/tokio-1.52.3/src/runtime/scheduler/current_thread/mod.rs:205:33
  23: tokio::runtime::context::runtime::enter_runtime
             at /home/ec2-user/.cargo/registry/src/index.crates.io-1949cf8c6b5b557f/tokio-1.52.3/src/runtime/context/runtime.rs:65:16
  24: tokio::runtime::scheduler::current_thread::CurrentThread::block_on
             at /home/ec2-user/.cargo/registry/src/index.crates.io-1949cf8c6b5b557f/tokio-1.52.3/src/runtime/scheduler/current_thread/mod.rs:193:9
  25: tokio::runtime::runtime::Runtime::block_on_inner
             at /home/ec2-user/.cargo/registry/src/index.crates.io-1949cf8c6b5b557f/tokio-1.52.3/src/runtime/runtime.rs:371:52
  26: tokio::runtime::runtime::Runtime::block_on
             at /home/ec2-user/.cargo/registry/src/index.crates.io-1949cf8c6b5b557f/tokio-1.52.3/src/runtime/runtime.rs:345:18
  27: scylla_queue_backend::contract_idempotency_reuses_nonterminal
             at ./boson-testkit/src/macros.rs:97:73
  28: scylla_queue_backend::contract_idempotency_reuses_nonterminal::{{closure}}
             at ./boson-testkit/src/macros.rs:87:47
  29: core::ops::function::FnOnce::call_once
             at /rustc/31fca3adb283cc9dfd56b49cdee9a96eb9c96ffd/library/core/src/ops/function.rs:250:5
  30: <fn() -> core::result::Result<(), alloc::string::String> as core::ops::function::FnOnce<()>>::call_once
             at /rustc/31fca3adb283cc9dfd56b49cdee9a96eb9c96ffd/library/core/src/ops/function.rs:250:5
note: Some details are omitted, run with `RUST_BACKTRACE=full` for a verbose backtrace.

---- contract_lease_contention stdout ----

thread 'contract_lease_contention' (2648) panicked at boson-testkit/src/backend_contract.rs:197:5:
assertion failed: b.try_claim_run_lease(job_id, "worker-b", 120).await.unwrap().is_none()
stack backtrace:
   0: __rustc::rust_begin_unwind
             at /rustc/31fca3adb283cc9dfd56b49cdee9a96eb9c96ffd/library/std/src/panicking.rs:689:5
   1: core::panicking::panic_fmt
             at /rustc/31fca3adb283cc9dfd56b49cdee9a96eb9c96ffd/library/core/src/panicking.rs:80:14
   2: core::panicking::panic
             at /rustc/31fca3adb283cc9dfd56b49cdee9a96eb9c96ffd/library/core/src/panicking.rs:150:5
   3: boson_testkit::backend_contract::lease_contention::{{closure}}
             at ./boson-testkit/src/backend_contract.rs:197:5
   4: scylla_queue_backend::contract_lease_contention::{{closure}}
             at ./boson-backend-scylla/tests/scylla_queue_backend.rs:31:1
   5: <core::pin::Pin<P> as core::future::future::Future>::poll
             at /rustc/31fca3adb283cc9dfd56b49cdee9a96eb9c96ffd/library/core/src/future/future.rs:133:9
   6: <core::pin::Pin<P> as core::future::future::Future>::poll
             at /rustc/31fca3adb283cc9dfd56b49cdee9a96eb9c96ffd/library/core/src/future/future.rs:133:9
   7: tokio::runtime::scheduler::current_thread::CoreGuard::block_on::{{closure}}::{{closure}}::{{closure}}
             at /home/ec2-user/.cargo/registry/src/index.crates.io-1949cf8c6b5b557f/tokio-1.52.3/src/runtime/scheduler/current_thread/mod.rs:778:70
   8: tokio::task::coop::with_budget
             at /home/ec2-user/.cargo/registry/src/index.crates.io-1949cf8c6b5b557f/tokio-1.52.3/src/task/coop/mod.rs:167:5
   9: tokio::task::coop::budget
             at /home/ec2-user/.cargo/registry/src/index.crates.io-1949cf8c6b5b557f/tokio-1.52.3/src/task/coop/mod.rs:133:5
  10: tokio::runtime::scheduler::current_thread::CoreGuard::block_on::{{closure}}::{{closure}}
             at /home/ec2-user/.cargo/registry/src/index.crates.io-1949cf8c6b5b557f/tokio-1.52.3/src/runtime/scheduler/current_thread/mod.rs:778:25
  11: tokio::runtime::scheduler::current_thread::Context::enter
             at /home/ec2-user/.cargo/registry/src/index.crates.io-1949cf8c6b5b557f/tokio-1.52.3/src/runtime/scheduler/current_thread/mod.rs:451:19
  12: tokio::runtime::scheduler::current_thread::CoreGuard::block_on::{{closure}}
             at /home/ec2-user/.cargo/registry/src/index.crates.io-1949cf8c6b5b557f/tokio-1.52.3/src/runtime/scheduler/current_thread/mod.rs:777:44
  13: tokio::runtime::scheduler::current_thread::CoreGuard::enter::{{closure}}
             at /home/ec2-user/.cargo/registry/src/index.crates.io-1949cf8c6b5b557f/tokio-1.52.3/src/runtime/scheduler/current_thread/mod.rs:865:68
  14: tokio::runtime::context::scoped::Scoped<T>::set
             at /home/ec2-user/.cargo/registry/src/index.crates.io-1949cf8c6b5b557f/tokio-1.52.3/src/runtime/context/scoped.rs:40:9
  15: tokio::runtime::context::set_scheduler::{{closure}}
             at /home/ec2-user/.cargo/registry/src/index.crates.io-1949cf8c6b5b557f/tokio-1.52.3/src/runtime/context.rs:181:38
  16: std::thread::local::LocalKey<T>::try_with
             at /rustc/31fca3adb283cc9dfd56b49cdee9a96eb9c96ffd/library/std/src/thread/local.rs:462:12
  17: std::thread::local::LocalKey<T>::with
             at /rustc/31fca3adb283cc9dfd56b49cdee9a96eb9c96ffd/library/std/src/thread/local.rs:426:20
  18: tokio::runtime::context::set_scheduler
             at /home/ec2-user/.cargo/registry/src/index.crates.io-1949cf8c6b5b557f/tokio-1.52.3/src/runtime/context.rs:181:17
  19: tokio::runtime::scheduler::current_thread::CoreGuard::enter
             at /home/ec2-user/.cargo/registry/src/index.crates.io-1949cf8c6b5b557f/tokio-1.52.3/src/runtime/scheduler/current_thread/mod.rs:865:27
  20: tokio::runtime::scheduler::current_thread::CoreGuard::block_on
             at /home/ec2-user/.cargo/registry/src/index.crates.io-1949cf8c6b5b557f/tokio-1.52.3/src/runtime/scheduler/current_thread/mod.rs:765:24
  21: tokio::runtime::scheduler::current_thread::CurrentThread::block_on::{{closure}}
             at /home/ec2-user/.cargo/registry/src/index.crates.io-1949cf8c6b5b557f/tokio-1.52.3/src/runtime/scheduler/current_thread/mod.rs:205:33
  22: tokio::runtime::context::runtime::enter_runtime
             at /home/ec2-user/.cargo/registry/src/index.crates.io-1949cf8c6b5b557f/tokio-1.52.3/src/runtime/context/runtime.rs:65:16
  23: tokio::runtime::scheduler::current_thread::CurrentThread::block_on
             at /home/ec2-user/.cargo/registry/src/index.crates.io-1949cf8c6b5b557f/tokio-1.52.3/src/runtime/scheduler/current_thread/mod.rs:193:9
  24: tokio::runtime::runtime::Runtime::block_on_inner
             at /home/ec2-user/.cargo/registry/src/index.crates.io-1949cf8c6b5b557f/tokio-1.52.3/src/runtime/runtime.rs:371:52
  25: tokio::runtime::runtime::Runtime::block_on
             at /home/ec2-user/.cargo/registry/src/index.crates.io-1949cf8c6b5b557f/tokio-1.52.3/src/runtime/runtime.rs:345:18
  26: scylla_queue_backend::contract_lease_contention
             at ./boson-testkit/src/macros.rs:97:73
  27: scylla_queue_backend::contract_lease_contention::{{closure}}
             at ./boson-testkit/src/macros.rs:87:47
  28: core::ops::function::FnOnce::call_once
             at /rustc/31fca3adb283cc9dfd56b49cdee9a96eb9c96ffd/library/core/src/ops/function.rs:250:5
  29: <fn() -> core::result::Result<(), alloc::string::String> as core::ops::function::FnOnce<()>>::call_once
             at /rustc/31fca3adb283cc9dfd56b49cdee9a96eb9c96ffd/library/core/src/ops/function.rs:250:5
note: Some details are omitted, run with `RUST_BACKTRACE=full` for a verbose backtrace.

---- contract_pool_priority_order stdout ----

thread 'contract_pool_priority_order' (2654) panicked at boson-testkit/src/backend_contract.rs:114:5:
assertion `left == right` failed
  left: 0
 right: 2
stack backtrace:
   0: __rustc::rust_begin_unwind
             at /rustc/31fca3adb283cc9dfd56b49cdee9a96eb9c96ffd/library/std/src/panicking.rs:689:5
   1: core::panicking::panic_fmt
             at /rustc/31fca3adb283cc9dfd56b49cdee9a96eb9c96ffd/library/core/src/panicking.rs:80:14
   2: core::panicking::assert_failed_inner
             at /rustc/31fca3adb283cc9dfd56b49cdee9a96eb9c96ffd/library/core/src/panicking.rs:439:17
   3: core::panicking::assert_failed::<usize, usize>
             at /rustc/31fca3adb283cc9dfd56b49cdee9a96eb9c96ffd/library/core/src/panicking.rs:394:5
   4: boson_testkit::backend_contract::pool_priority_order::{{closure}}
             at ./boson-testkit/src/backend_contract.rs:114:5
   5: scylla_queue_backend::contract_pool_priority_order::{{closure}}
             at ./boson-backend-scylla/tests/scylla_queue_backend.rs:31:1
   6: <core::pin::Pin<P> as core::future::future::Future>::poll
             at /rustc/31fca3adb283cc9dfd56b49cdee9a96eb9c96ffd/library/core/src/future/future.rs:133:9
   7: <core::pin::Pin<P> as core::future::future::Future>::poll
             at /rustc/31fca3adb283cc9dfd56b49cdee9a96eb9c96ffd/library/core/src/future/future.rs:133:9
   8: tokio::runtime::scheduler::current_thread::CoreGuard::block_on::{{closure}}::{{closure}}::{{closure}}
             at /home/ec2-user/.cargo/registry/src/index.crates.io-1949cf8c6b5b557f/tokio-1.52.3/src/runtime/scheduler/current_thread/mod.rs:778:70
   9: tokio::task::coop::with_budget
             at /home/ec2-user/.cargo/registry/src/index.crates.io-1949cf8c6b5b557f/tokio-1.52.3/src/task/coop/mod.rs:167:5
  10: tokio::task::coop::budget
             at /home/ec2-user/.cargo/registry/src/index.crates.io-1949cf8c6b5b557f/tokio-1.52.3/src/task/coop/mod.rs:133:5
  11: tokio::runtime::scheduler::current_thread::CoreGuard::block_on::{{closure}}::{{closure}}
             at /home/ec2-user/.cargo/registry/src/index.crates.io-1949cf8c6b5b557f/tokio-1.52.3/src/runtime/scheduler/current_thread/mod.rs:778:25
  12: tokio::runtime::scheduler::current_thread::Context::enter
             at /home/ec2-user/.cargo/registry/src/index.crates.io-1949cf8c6b5b557f/tokio-1.52.3/src/runtime/scheduler/current_thread/mod.rs:451:19
  13: tokio::runtime::scheduler::current_thread::CoreGuard::block_on::{{closure}}
             at /home/ec2-user/.cargo/registry/src/index.crates.io-1949cf8c6b5b557f/tokio-1.52.3/src/runtime/scheduler/current_thread/mod.rs:777:44
  14: tokio::runtime::scheduler::current_thread::CoreGuard::enter::{{closure}}
             at /home/ec2-user/.cargo/registry/src/index.crates.io-1949cf8c6b5b557f/tokio-1.52.3/src/runtime/scheduler/current_thread/mod.rs:865:68
  15: tokio::runtime::context::scoped::Scoped<T>::set
             at /home/ec2-user/.cargo/registry/src/index.crates.io-1949cf8c6b5b557f/tokio-1.52.3/src/runtime/context/scoped.rs:40:9
  16: tokio::runtime::context::set_scheduler::{{closure}}
             at /home/ec2-user/.cargo/registry/src/index.crates.io-1949cf8c6b5b557f/tokio-1.52.3/src/runtime/context.rs:181:38
  17: std::thread::local::LocalKey<T>::try_with
             at /rustc/31fca3adb283cc9dfd56b49cdee9a96eb9c96ffd/library/std/src/thread/local.rs:462:12
  18: std::thread::local::LocalKey<T>::with
             at /rustc/31fca3adb283cc9dfd56b49cdee9a96eb9c96ffd/library/std/src/thread/local.rs:426:20
  19: tokio::runtime::context::set_scheduler
             at /home/ec2-user/.cargo/registry/src/index.crates.io-1949cf8c6b5b557f/tokio-1.52.3/src/runtime/context.rs:181:17
  20: tokio::runtime::scheduler::current_thread::CoreGuard::enter
             at /home/ec2-user/.cargo/registry/src/index.crates.io-1949cf8c6b5b557f/tokio-1.52.3/src/runtime/scheduler/current_thread/mod.rs:865:27
  21: tokio::runtime::scheduler::current_thread::CoreGuard::block_on
             at /home/ec2-user/.cargo/registry/src/index.crates.io-1949cf8c6b5b557f/tokio-1.52.3/src/runtime/scheduler/current_thread/mod.rs:765:24
  22: tokio::runtime::scheduler::current_thread::CurrentThread::block_on::{{closure}}
             at /home/ec2-user/.cargo/registry/src/index.crates.io-1949cf8c6b5b557f/tokio-1.52.3/src/runtime/scheduler/current_thread/mod.rs:205:33
  23: tokio::runtime::context::runtime::enter_runtime
             at /home/ec2-user/.cargo/registry/src/index.crates.io-1949cf8c6b5b557f/tokio-1.52.3/src/runtime/context/runtime.rs:65:16
  24: tokio::runtime::scheduler::current_thread::CurrentThread::block_on
             at /home/ec2-user/.cargo/registry/src/index.crates.io-1949cf8c6b5b557f/tokio-1.52.3/src/runtime/scheduler/current_thread/mod.rs:193:9
  25: tokio::runtime::runtime::Runtime::block_on_inner
             at /home/ec2-user/.cargo/registry/src/index.crates.io-1949cf8c6b5b557f/tokio-1.52.3/src/runtime/runtime.rs:371:52
  26: tokio::runtime::runtime::Runtime::block_on
             at /home/ec2-user/.cargo/registry/src/index.crates.io-1949cf8c6b5b557f/tokio-1.52.3/src/runtime/runtime.rs:345:18
  27: scylla_queue_backend::contract_pool_priority_order
             at ./boson-testkit/src/macros.rs:97:73
  28: scylla_queue_backend::contract_pool_priority_order::{{closure}}
             at ./boson-testkit/src/macros.rs:87:47
  29: core::ops::function::FnOnce::call_once
             at /rustc/31fca3adb283cc9dfd56b49cdee9a96eb9c96ffd/library/core/src/ops/function.rs:250:5
  30: <fn() -> core::result::Result<(), alloc::string::String> as core::ops::function::FnOnce<()>>::call_once
             at /rustc/31fca3adb283cc9dfd56b49cdee9a96eb9c96ffd/library/core/src/ops/function.rs:250:5
note: Some details are omitted, run with `RUST_BACKTRACE=full` for a verbose backtrace.

---- contract_try_claim_atomic stdout ----

thread 'contract_try_claim_atomic' (2658) panicked at boson-testkit/src/backend_contract.rs:99:5:
assertion failed: b.try_claim_job(&job_id).await.unwrap().is_none()
stack backtrace:
   0: __rustc::rust_begin_unwind
             at /rustc/31fca3adb283cc9dfd56b49cdee9a96eb9c96ffd/library/std/src/panicking.rs:689:5
   1: core::panicking::panic_fmt
             at /rustc/31fca3adb283cc9dfd56b49cdee9a96eb9c96ffd/library/core/src/panicking.rs:80:14
   2: core::panicking::panic
             at /rustc/31fca3adb283cc9dfd56b49cdee9a96eb9c96ffd/library/core/src/panicking.rs:150:5
   3: boson_testkit::backend_contract::try_claim_atomic::{{closure}}
             at ./boson-testkit/src/backend_contract.rs:99:5
   4: scylla_queue_backend::contract_try_claim_atomic::{{closure}}
             at ./boson-backend-scylla/tests/scylla_queue_backend.rs:31:1
   5: <core::pin::Pin<P> as core::future::future::Future>::poll
             at /rustc/31fca3adb283cc9dfd56b49cdee9a96eb9c96ffd/library/core/src/future/future.rs:133:9
   6: <core::pin::Pin<P> as core::future::future::Future>::poll
             at /rustc/31fca3adb283cc9dfd56b49cdee9a96eb9c96ffd/library/core/src/future/future.rs:133:9
   7: tokio::runtime::scheduler::current_thread::CoreGuard::block_on::{{closure}}::{{closure}}::{{closure}}
             at /home/ec2-user/.cargo/registry/src/index.crates.io-1949cf8c6b5b557f/tokio-1.52.3/src/runtime/scheduler/current_thread/mod.rs:778:70
   8: tokio::task::coop::with_budget
             at /home/ec2-user/.cargo/registry/src/index.crates.io-1949cf8c6b5b557f/tokio-1.52.3/src/task/coop/mod.rs:167:5
   9: tokio::task::coop::budget
             at /home/ec2-user/.cargo/registry/src/index.crates.io-1949cf8c6b5b557f/tokio-1.52.3/src/task/coop/mod.rs:133:5
  10: tokio::runtime::scheduler::current_thread::CoreGuard::block_on::{{closure}}::{{closure}}
             at /home/ec2-user/.cargo/registry/src/index.crates.io-1949cf8c6b5b557f/tokio-1.52.3/src/runtime/scheduler/current_thread/mod.rs:778:25
  11: tokio::runtime::scheduler::current_thread::Context::enter
             at /home/ec2-user/.cargo/registry/src/index.crates.io-1949cf8c6b5b557f/tokio-1.52.3/src/runtime/scheduler/current_thread/mod.rs:451:19
  12: tokio::runtime::scheduler::current_thread::CoreGuard::block_on::{{closure}}
             at /home/ec2-user/.cargo/registry/src/index.crates.io-1949cf8c6b5b557f/tokio-1.52.3/src/runtime/scheduler/current_thread/mod.rs:777:44
  13: tokio::runtime::scheduler::current_thread::CoreGuard::enter::{{closure}}
             at /home/ec2-user/.cargo/registry/src/index.crates.io-1949cf8c6b5b557f/tokio-1.52.3/src/runtime/scheduler/current_thread/mod.rs:865:68
  14: tokio::runtime::context::scoped::Scoped<T>::set
             at /home/ec2-user/.cargo/registry/src/index.crates.io-1949cf8c6b5b557f/tokio-1.52.3/src/runtime/context/scoped.rs:40:9
  15: tokio::runtime::context::set_scheduler::{{closure}}
             at /home/ec2-user/.cargo/registry/src/index.crates.io-1949cf8c6b5b557f/tokio-1.52.3/src/runtime/context.rs:181:38
  16: std::thread::local::LocalKey<T>::try_with
             at /rustc/31fca3adb283cc9dfd56b49cdee9a96eb9c96ffd/library/std/src/thread/local.rs:462:12
  17: std::thread::local::LocalKey<T>::with
             at /rustc/31fca3adb283cc9dfd56b49cdee9a96eb9c96ffd/library/std/src/thread/local.rs:426:20
  18: tokio::runtime::context::set_scheduler
             at /home/ec2-user/.cargo/registry/src/index.crates.io-1949cf8c6b5b557f/tokio-1.52.3/src/runtime/context.rs:181:17
  19: tokio::runtime::scheduler::current_thread::CoreGuard::enter
             at /home/ec2-user/.cargo/registry/src/index.crates.io-1949cf8c6b5b557f/tokio-1.52.3/src/runtime/scheduler/current_thread/mod.rs:865:27
  20: tokio::runtime::scheduler::current_thread::CoreGuard::block_on
             at /home/ec2-user/.cargo/registry/src/index.crates.io-1949cf8c6b5b557f/tokio-1.52.3/src/runtime/scheduler/current_thread/mod.rs:765:24
  21: tokio::runtime::scheduler::current_thread::CurrentThread::block_on::{{closure}}
             at /home/ec2-user/.cargo/registry/src/index.crates.io-1949cf8c6b5b557f/tokio-1.52.3/src/runtime/scheduler/current_thread/mod.rs:205:33
  22: tokio::runtime::context::runtime::enter_runtime
             at /home/ec2-user/.cargo/registry/src/index.crates.io-1949cf8c6b5b557f/tokio-1.52.3/src/runtime/context/runtime.rs:65:16
  23: tokio::runtime::scheduler::current_thread::CurrentThread::block_on
             at /home/ec2-user/.cargo/registry/src/index.crates.io-1949cf8c6b5b557f/tokio-1.52.3/src/runtime/scheduler/current_thread/mod.rs:193:9
  24: tokio::runtime::runtime::Runtime::block_on_inner
             at /home/ec2-user/.cargo/registry/src/index.crates.io-1949cf8c6b5b557f/tokio-1.52.3/src/runtime/runtime.rs:371:52
  25: tokio::runtime::runtime::Runtime::block_on
             at /home/ec2-user/.cargo/registry/src/index.crates.io-1949cf8c6b5b557f/tokio-1.52.3/src/runtime/runtime.rs:345:18
  26: scylla_queue_backend::contract_try_claim_atomic
             at ./boson-testkit/src/macros.rs:97:73
  27: scylla_queue_backend::contract_try_claim_atomic::{{closure}}
             at ./boson-testkit/src/macros.rs:87:47
  28: core::ops::function::FnOnce::call_once
             at /rustc/31fca3adb283cc9dfd56b49cdee9a96eb9c96ffd/library/core/src/ops/function.rs:250:5
  29: <fn() -> core::result::Result<(), alloc::string::String> as core::ops::function::FnOnce<()>>::call_once
             at /rustc/31fca3adb283cc9dfd56b49cdee9a96eb9c96ffd/library/core/src/ops/function.rs:250:5
note: Some details are omitted, run with `RUST_BACKTRACE=full` for a verbose backtrace.


failures:
    contract_idempotency_reuses_nonterminal
    contract_lease_contention
    contract_pool_priority_order
    contract_try_claim_atomic

test result: FAILED. 7 passed; 4 failed; 0 ignored; 0 measured; 0 filtered out; finished in 20.86s

