========== Phase D1: BD2 shard sweep (K grid @ W*) ==========
=== bm-bd2 backend=redis report=bm-bd2-k1-w16-redis-isolated-lab-off-aws-c6i-large --worker-count 16 --worker-poll-ms 0 --pool-count 1 --pool-layout shared ===
wrote /home/ec2-user/boson-bench/reports/bm-bd2-k1-w16-redis-isolated-lab-off-aws-c6i-large.json
=== bm-bd2 backend=redis report=bm-bd2-k4-w16-redis-isolated-lab-off-aws-c6i-large --worker-count 16 --worker-poll-ms 0 --pool-count 4 --pool-layout distinct ===
wrote /home/ec2-user/boson-bench/reports/bm-bd2-k4-w16-redis-isolated-lab-off-aws-c6i-large.json
=== bm-bd2 backend=redis report=bm-bd2-k10-w16-redis-isolated-lab-off-aws-c6i-large --worker-count 16 --worker-poll-ms 0 --pool-count 10 --pool-layout distinct ===
wrote /home/ec2-user/boson-bench/reports/bm-bd2-k10-w16-redis-isolated-lab-off-aws-c6i-large.json
=== bm-bd2 backend=redis report=bm-bd2-k32-w16-redis-isolated-lab-off-aws-c6i-large --worker-count 16 --worker-poll-ms 0 --pool-count 32 --pool-layout distinct ===
wrote /home/ec2-user/boson-bench/reports/bm-bd2-k32-w16-redis-isolated-lab-off-aws-c6i-large.json
wrote /home/ec2-user/boson-bench/reports/scaling-curve-bd2-shards-aws-c6i-large-redis.json
# Boson BM-BD2 shard scaling curve

- hardware: `aws-c6i-large`
- backend: `redis`
- peak drain: **6895 ops/s** at K=32
- worker_count (W): 16
- verdict: `shard_saturated`

| K (pools) | drain ops/s | shard_efficiency | W | report |
| --- | --- | --- | --- | --- |
| 1 | 5201 | 1.00 | 16 | bm-bd2-k1-w16-redis-isolated-lab-off-aws-c6i-large.json |
| 4 | 6489 | 0.31 | 16 | bm-bd2-k4-w16-redis-isolated-lab-off-aws-c6i-large.json |
| 10 | 6743 | 0.13 | 16 | bm-bd2-k10-w16-redis-isolated-lab-off-aws-c6i-large.json |
| 32 | 6895 | 0.04 | 16 | bm-bd2-k32-w16-redis-isolated-lab-off-aws-c6i-large.json |

shard_efficiency = drain_throughput / (K × k1_peak) on one broker.
DONE phase=drain-shard reports=5
bm-bd2-k1-w16-redis-isolated-lab-off-aws-c6i-large.json
bm-bd2-k10-w16-redis-isolated-lab-off-aws-c6i-large.json
bm-bd2-k32-w16-redis-isolated-lab-off-aws-c6i-large.json
bm-bd2-k4-w16-redis-isolated-lab-off-aws-c6i-large.json
scaling-curve-bd2-shards-aws-c6i-large-redis.json
