=== matrix subset=mem-lab backend=mem ===
running bm-b0 …
wrote /home/ec2-user/boson-bench/reports/bm-b0-mem-isolated-lab-off-aws-t3-medium.json
running bm-b1 …
wrote /home/ec2-user/boson-bench/reports/bm-b1-mem-isolated-lab-off-aws-t3-medium.json
running bm-b2 …
wrote /home/ec2-user/boson-bench/reports/bm-b2-mem-isolated-lab-off-aws-t3-medium.json
running bm-b3 …
wrote /home/ec2-user/boson-bench/reports/bm-b3-mem-isolated-lab-off-aws-t3-medium.json
running bm-b4 …
wrote /home/ec2-user/boson-bench/reports/bm-b4-mem-isolated-lab-off-aws-t3-medium.json
running bm-b5 …
wrote /home/ec2-user/boson-bench/reports/bm-b5-mem-isolated-lab-off-aws-t3-medium.json
running bm-b8 …
wrote /home/ec2-user/boson-bench/reports/bm-b8-mem-isolated-lab-off-aws-t3-medium.json
running bm-b9 …
wrote /home/ec2-user/boson-bench/reports/bm-b9-mem-isolated-lab-off-aws-t3-medium.json
running bm-b10 …
wrote /home/ec2-user/boson-bench/reports/bm-b10-mem-isolated-lab-off-aws-t3-medium.json
running bm-b11 …
wrote /home/ec2-user/boson-bench/reports/bm-b11-mem-isolated-lab-off-aws-t3-medium.json
running bm-b12 …
wrote /home/ec2-user/boson-bench/reports/bm-b12-mem-isolated-lab-off-aws-t3-medium.json
running bm-b13 …
wrote /home/ec2-user/boson-bench/reports/bm-b13-mem-isolated-lab-off-aws-t3-medium.json
running bm-b14 …
wrote /home/ec2-user/boson-bench/reports/bm-b14-mem-isolated-lab-off-aws-t3-medium.json
running bm-b15 …
wrote /home/ec2-user/boson-bench/reports/bm-b15-mem-isolated-lab-off-aws-t3-medium.json
running bm-b16 …
wrote /home/ec2-user/boson-bench/reports/bm-b16-mem-isolated-lab-off-aws-t3-medium.json
=== matrix subset=mem-scale backend=mem ===
running bm-bp1 …
wrote /home/ec2-user/boson-bench/reports/bm-bp1-mem-isolated-lab-off-aws-t3-medium.json
running bm-bp2 …
wrote /home/ec2-user/boson-bench/reports/bm-bp2-mem-isolated-lab-off-aws-t3-medium.json
running bm-bm1 …
