=== Track C bm-b0 -> bm-b0-scylla-isolated-lab-off-aws-t3-medium-track-c ===
wrote /home/ec2-user/boson-bench/reports/bm-b0-scylla-isolated-lab-off-aws-t3-medium-track-c.json
=== Track C bm-bl1 -> bm-bl1-scylla-isolated-lab-off-aws-t3-medium-track-c ===
wrote /home/ec2-user/boson-bench/reports/bm-bl1-scylla-isolated-lab-off-aws-t3-medium-track-c.json
=== Track C bm-bl2 -> bm-bl2-scylla-isolated-lab-off-aws-t3-medium-track-c ===
wrote /home/ec2-user/boson-bench/reports/bm-bl2-scylla-isolated-lab-off-aws-t3-medium-track-c.json
=== Track C bm-bl3 -> bm-bl3-scylla-isolated-lab-off-aws-t3-medium-track-c ===
wrote /home/ec2-user/boson-bench/reports/bm-bl3-scylla-isolated-lab-off-aws-t3-medium-track-c.json
=== BM-C3 hot pool shards=1 ===
=== Track C bm-bm3 -> bm-bm3-scylla-isolated-lab-off-aws-t3-medium-track-c ===
wrote /home/ec2-user/boson-bench/reports/bm-bm3-scylla-isolated-lab-off-aws-t3-medium-track-c.json
=== BM-C4 spread shards=256 ===
=== Track C bm-bm4 -> bm-bm4-scylla-isolated-lab-off-aws-t3-medium-track-c ===
wrote /home/ec2-user/boson-bench/reports/bm-bm4-scylla-isolated-lab-off-aws-t3-medium-track-c.json
=== BM-C5 BI1 lwt ===
=== Track C bm-bi1 -> bm-bi1-scylla-isolated-lab-off-aws-t3-medium-track-c-lwt ===
wrote /home/ec2-user/boson-bench/reports/bm-bi1-scylla-isolated-lab-off-aws-t3-medium-track-c-lwt.json
=== BM-C5 BI1 none ===
=== Track C bm-bi1 -> bm-bi1-scylla-isolated-lab-off-aws-t3-medium-track-c-none ===
wrote /home/ec2-user/boson-bench/reports/bm-bi1-scylla-isolated-lab-off-aws-t3-medium-track-c-none.json
DONE reports=8
/home/ec2-user/boson-bench/reports/bm-b0-scylla-isolated-lab-off-aws-t3-medium-track-c.json
/home/ec2-user/boson-bench/reports/bm-bi1-scylla-isolated-lab-off-aws-t3-medium-track-c-lwt.json
/home/ec2-user/boson-bench/reports/bm-bi1-scylla-isolated-lab-off-aws-t3-medium-track-c-none.json
/home/ec2-user/boson-bench/reports/bm-bl1-scylla-isolated-lab-off-aws-t3-medium-track-c.json
/home/ec2-user/boson-bench/reports/bm-bl2-scylla-isolated-lab-off-aws-t3-medium-track-c.json
/home/ec2-user/boson-bench/reports/bm-bl3-scylla-isolated-lab-off-aws-t3-medium-track-c.json
/home/ec2-user/boson-bench/reports/bm-bm3-scylla-isolated-lab-off-aws-t3-medium-track-c.json
/home/ec2-user/boson-bench/reports/bm-bm4-scylla-isolated-lab-off-aws-t3-medium-track-c.json
