=== scylla-lab subset ===
running bm-b0 …
wrote /home/ec2-user/boson-bench/reports/bm-b0-scylla-isolated-lab-off-aws-t3-medium.json
running bm-b1 …
wrote /home/ec2-user/boson-bench/reports/bm-b1-scylla-isolated-lab-off-aws-t3-medium.json
running bm-b2 …
wrote /home/ec2-user/boson-bench/reports/bm-b2-scylla-isolated-lab-off-aws-t3-medium.json
running bm-b3 …
wrote /home/ec2-user/boson-bench/reports/bm-b3-scylla-isolated-lab-off-aws-t3-medium.json
running bm-b4 …
wrote /home/ec2-user/boson-bench/reports/bm-b4-scylla-isolated-lab-off-aws-t3-medium.json
running bm-b5 …
wrote /home/ec2-user/boson-bench/reports/bm-b5-scylla-isolated-lab-off-aws-t3-medium.json
running bm-b7 …
wrote /home/ec2-user/boson-bench/reports/bm-b7-scylla-isolated-lab-off-aws-t3-medium.json
running bm-b8 …
wrote /home/ec2-user/boson-bench/reports/bm-b8-scylla-isolated-lab-off-aws-t3-medium.json
running bm-b9 …
wrote /home/ec2-user/boson-bench/reports/bm-b9-scylla-isolated-lab-off-aws-t3-medium.json
running bm-b10 …
wrote /home/ec2-user/boson-bench/reports/bm-b10-scylla-isolated-lab-off-aws-t3-medium.json
running bm-b11 …
wrote /home/ec2-user/boson-bench/reports/bm-b11-scylla-isolated-lab-off-aws-t3-medium.json
running bm-b12 …
wrote /home/ec2-user/boson-bench/reports/bm-b12-scylla-isolated-lab-off-aws-t3-medium.json
running bm-b13 …
wrote /home/ec2-user/boson-bench/reports/bm-b13-scylla-isolated-lab-off-aws-t3-medium.json
running bm-b14 …
wrote /home/ec2-user/boson-bench/reports/bm-b14-scylla-isolated-lab-off-aws-t3-medium.json
running bm-b15 …
wrote /home/ec2-user/boson-bench/reports/bm-b15-scylla-isolated-lab-off-aws-t3-medium.json
running bm-b16 …
wrote /home/ec2-user/boson-bench/reports/bm-b16-scylla-isolated-lab-off-aws-t3-medium.json
running bm-bl0 …
wrote /home/ec2-user/boson-bench/reports/bm-bl0-scylla-isolated-lab-off-aws-t3-medium.json
running bm-bl1 …
wrote /home/ec2-user/boson-bench/reports/bm-bl1-scylla-isolated-lab-off-aws-t3-medium.json
running bm-bl2 …
wrote /home/ec2-user/boson-bench/reports/bm-bl2-scylla-isolated-lab-off-aws-t3-medium.json
running bm-bl3 …
wrote /home/ec2-user/boson-bench/reports/bm-bl3-scylla-isolated-lab-off-aws-t3-medium.json
=== Track M BM-BM3 ready_shard_count=1 ===
=== bm-bm3 (shards=1 idem=default tasks=) ===
wrote /home/ec2-user/boson-bench/reports/bm-bm3-scylla-isolated-lab-off-aws-t3-medium.json
=== Track P BM-BM4 default shards=256 ===
=== bm-bm4 (shards=256 idem=default tasks=) ===
wrote /home/ec2-user/boson-bench/reports/bm-bm4-scylla-isolated-lab-off-aws-t3-medium.json
=== Track P BM-BM4 ready_shard_count=64 ===
wrote /home/ec2-user/boson-bench/reports/bm-bm4-scylla-isolated-lab-off-aws-t3-medium-shards64.json
=== Track P BM-BM4 ready_shard_count=1024 ===
wrote /home/ec2-user/boson-bench/reports/bm-bm4-scylla-isolated-lab-off-aws-t3-medium-shards1024.json
=== Track I BM-BI1 lwt ===
=== bm-bi1 (shards=256 idem=lwt tasks=) ===
wrote /home/ec2-user/boson-bench/reports/bm-bi1-scylla-isolated-lab-off-aws-t3-medium.json
=== Track I BM-BI1 none ===
=== bm-bi1 (shards=256 idem=none tasks=) ===
wrote /home/ec2-user/boson-bench/reports/bm-bi1-scylla-isolated-lab-off-aws-t3-medium.json
=== Track F BM-BF2 T=1 ===
=== bm-bf2 (shards=256 idem=lwt tasks=1) ===
wrote /home/ec2-user/boson-bench/reports/bm-bf2-scylla-isolated-lab-off-aws-t3-medium.json
=== Track F BM-BF2 T=64 ===
=== bm-bf2 (shards=256 idem=lwt tasks=64) ===
wrote /home/ec2-user/boson-bench/reports/bm-bf2-scylla-isolated-lab-off-aws-t3-medium.json
DONE reports=28
bm-b0-scylla-isolated-lab-off-aws-t3-medium.json
bm-b1-scylla-isolated-lab-off-aws-t3-medium.json
bm-b10-scylla-isolated-lab-off-aws-t3-medium.json
bm-b11-scylla-isolated-lab-off-aws-t3-medium.json
bm-b12-scylla-isolated-lab-off-aws-t3-medium.json
bm-b13-scylla-isolated-lab-off-aws-t3-medium.json
bm-b14-scylla-isolated-lab-off-aws-t3-medium.json
bm-b15-scylla-isolated-lab-off-aws-t3-medium.json
bm-b16-scylla-isolated-lab-off-aws-t3-medium.json
bm-b2-scylla-isolated-lab-off-aws-t3-medium.json
bm-b3-scylla-isolated-lab-off-aws-t3-medium.json
bm-b4-scylla-isolated-lab-off-aws-t3-medium.json
bm-b5-scylla-isolated-lab-off-aws-t3-medium.json
bm-b7-scylla-isolated-lab-off-aws-t3-medium.json
bm-b8-scylla-isolated-lab-off-aws-t3-medium.json
bm-b9-scylla-isolated-lab-off-aws-t3-medium.json
bm-bf2-scylla-isolated-lab-off-aws-t3-medium-t1.json
bm-bf2-scylla-isolated-lab-off-aws-t3-medium-t64.json
bm-bi1-scylla-isolated-lab-off-aws-t3-medium-lwt.json
bm-bi1-scylla-isolated-lab-off-aws-t3-medium-none.json
bm-bl0-scylla-isolated-lab-off-aws-t3-medium.json
bm-bl1-scylla-isolated-lab-off-aws-t3-medium.json
bm-bl2-scylla-isolated-lab-off-aws-t3-medium.json
bm-bl3-scylla-isolated-lab-off-aws-t3-medium.json
bm-bm3-scylla-isolated-lab-off-aws-t3-medium.json
bm-bm4-scylla-isolated-lab-off-aws-t3-medium-shards1024.json
bm-bm4-scylla-isolated-lab-off-aws-t3-medium-shards64.json
bm-bm4-scylla-isolated-lab-off-aws-t3-medium.json
